<?xml version="1.0" encoding="UTF-8"?>
<coverage generated="1773563002496" clover="3.2.0">
  <project timestamp="1773563002496" name="All files">
    <metrics statements="275" coveredstatements="228" conditionals="110" coveredconditionals="77" methods="28" coveredmethods="25" elements="413" coveredelements="330" complexity="0" loc="275" ncloc="275" packages="7" files="15" classes="15"/>
    <package name="src">
      <metrics statements="26" coveredstatements="26" conditionals="4" coveredconditionals="2" methods="2" coveredmethods="2"/>
      <file name="app.js" path="/Users/musk/SENG2021/src/app.js">
        <metrics statements="26" coveredstatements="26" conditionals="4" coveredconditionals="2" methods="2" coveredmethods="2"/>
        <line num="1" count="5" type="stmt"/>
        <line num="2" count="5" type="stmt"/>
        <line num="3" count="5" type="stmt"/>
        <line num="4" count="5" type="stmt"/>
        <line num="6" count="5" type="stmt"/>
        <line num="7" count="5" type="stmt"/>
        <line num="8" count="5" type="stmt"/>
        <line num="9" count="5" type="stmt"/>
        <line num="11" count="5" type="stmt"/>
        <line num="12" count="5" type="stmt"/>
        <line num="14" count="5" type="stmt"/>
        <line num="15" count="5" type="stmt"/>
        <line num="16" count="5" type="stmt"/>
        <line num="18" count="5" type="stmt"/>
        <line num="19" count="5" type="stmt"/>
        <line num="20" count="5" type="stmt"/>
        <line num="21" count="5" type="stmt"/>
        <line num="22" count="5" type="stmt"/>
        <line num="23" count="5" type="stmt"/>
        <line num="25" count="5" type="stmt"/>
        <line num="26" count="1" type="stmt"/>
        <line num="33" count="5" type="stmt"/>
        <line num="34" count="5" type="stmt"/>
        <line num="36" count="5" type="cond" truecount="1" falsecount="1"/>
        <line num="37" count="5" type="cond" truecount="1" falsecount="1"/>
        <line num="40" count="5" type="stmt"/>
      </file>
    </package>
    <package name="src.config">
      <metrics statements="5" coveredstatements="5" conditionals="0" coveredconditionals="0" methods="1" coveredmethods="1"/>
      <file name="db.js" path="/Users/musk/SENG2021/src/config/db.js">
        <metrics statements="5" coveredstatements="5" conditionals="0" coveredconditionals="0" methods="1" coveredmethods="1"/>
        <line num="1" count="5" type="stmt"/>
        <line num="3" count="5" type="stmt"/>
        <line num="4" count="5" type="stmt"/>
        <line num="5" count="5" type="stmt"/>
        <line num="8" count="5" type="stmt"/>
      </file>
    </package>
    <package name="src.middleware">
      <metrics statements="24" coveredstatements="21" conditionals="12" coveredconditionals="11" methods="3" coveredmethods="3"/>
      <file name="auth.js" path="/Users/musk/SENG2021/src/middleware/auth.js">
        <metrics statements="24" coveredstatements="21" conditionals="12" coveredconditionals="11" methods="3" coveredmethods="3"/>
        <line num="1" count="5" type="stmt"/>
        <line num="4" count="24" type="stmt"/>
        <line num="5" count="24" type="stmt"/>
        <line num="6" count="24" type="cond" truecount="2" falsecount="0"/>
        <line num="7" count="5" type="stmt"/>
        <line num="12" count="19" type="cond" truecount="2" falsecount="0"/>
        <line num="13" count="1" type="stmt"/>
        <line num="18" count="18" type="stmt"/>
        <line num="19" count="18" type="cond" truecount="1" falsecount="1"/>
        <line num="20" count="0" type="stmt"/>
        <line num="25" count="18" type="stmt"/>
        <line num="26" count="18" type="cond" truecount="2" falsecount="0"/>
        <line num="27" count="2" type="stmt"/>
        <line num="32" count="16" type="stmt"/>
        <line num="38" count="16" type="stmt"/>
        <line num="40" count="0" type="stmt"/>
        <line num="41" count="0" type="stmt"/>
        <line num="48" count="4" type="stmt"/>
        <line num="49" count="4" type="cond" truecount="2" falsecount="0"/>
        <line num="50" count="1" type="stmt"/>
        <line num="55" count="3" type="cond" truecount="2" falsecount="0"/>
        <line num="56" count="1" type="stmt"/>
        <line num="61" count="2" type="stmt"/>
        <line num="65" count="5" type="stmt"/>
      </file>
    </package>
    <package name="src.models">
      <metrics statements="26" coveredstatements="26" conditionals="2" coveredconditionals="2" methods="1" coveredmethods="1"/>
      <file name="DespatchAdvice.js" path="/Users/musk/SENG2021/src/models/DespatchAdvice.js">
        <metrics statements="5" coveredstatements="5" conditionals="0" coveredconditionals="0" methods="0" coveredmethods="0"/>
        <line num="1" count="5" type="stmt"/>
        <line num="3" count="5" type="stmt"/>
        <line num="8" count="5" type="stmt"/>
        <line num="15" count="5" type="stmt"/>
        <line num="34" count="5" type="stmt"/>
      </file>
      <file name="FulfilmentCancellation.js" path="/Users/musk/SENG2021/src/models/FulfilmentCancellation.js">
        <metrics statements="3" coveredstatements="3" conditionals="0" coveredconditionals="0" methods="0" coveredmethods="0"/>
        <line num="1" count="5" type="stmt"/>
        <line num="3" count="5" type="stmt"/>
        <line num="18" count="5" type="stmt"/>
      </file>
      <file name="OrderAdjustment.js" path="/Users/musk/SENG2021/src/models/OrderAdjustment.js">
        <metrics statements="7" coveredstatements="7" conditionals="2" coveredconditionals="2" methods="1" coveredmethods="1"/>
        <line num="1" count="5" type="stmt"/>
        <line num="3" count="5" type="stmt"/>
        <line num="12" count="5" type="stmt"/>
        <line num="20" count="1" type="cond" truecount="2" falsecount="0"/>
        <line num="35" count="5" type="stmt"/>
        <line num="36" count="5" type="stmt"/>
        <line num="37" count="5" type="stmt"/>
      </file>
      <file name="Party.js" path="/Users/musk/SENG2021/src/models/Party.js">
        <metrics statements="3" coveredstatements="3" conditionals="0" coveredconditionals="0" methods="0" coveredmethods="0"/>
        <line num="1" count="5" type="stmt"/>
        <line num="3" count="5" type="stmt"/>
        <line num="17" count="5" type="stmt"/>
      </file>
      <file name="ReceiptAdvice.js" path="/Users/musk/SENG2021/src/models/ReceiptAdvice.js">
        <metrics statements="4" coveredstatements="4" conditionals="0" coveredconditionals="0" methods="0" coveredmethods="0"/>
        <line num="1" count="5" type="stmt"/>
        <line num="3" count="5" type="stmt"/>
        <line num="9" count="5" type="stmt"/>
        <line num="21" count="5" type="stmt"/>
      </file>
      <file name="Supply.js" path="/Users/musk/SENG2021/src/models/Supply.js">
        <metrics statements="4" coveredstatements="4" conditionals="0" coveredconditionals="0" methods="0" coveredmethods="0"/>
        <line num="1" count="5" type="stmt"/>
        <line num="3" count="5" type="stmt"/>
        <line num="21" count="5" type="stmt"/>
        <line num="23" count="5" type="stmt"/>
      </file>
    </package>
    <package name="src.routes">
      <metrics statements="135" coveredstatements="123" conditionals="66" coveredconditionals="57" methods="13" coveredmethods="13"/>
      <file name="despatchAdvice.js" path="/Users/musk/SENG2021/src/routes/despatchAdvice.js">
        <metrics statements="25" coveredstatements="25" conditionals="23" coveredconditionals="23" methods="3" coveredmethods="3"/>
        <line num="1" count="5" type="stmt"/>
        <line num="2" count="5" type="stmt"/>
        <line num="3" count="5" type="stmt"/>
        <line num="4" count="5" type="stmt"/>
        <line num="5" count="5" type="stmt"/>
        <line num="8" count="5" type="stmt"/>
        <line num="9" count="9" type="stmt"/>
        <line num="11" count="9" type="cond" truecount="8" falsecount="0"/>
        <line num="12" count="4" type="stmt"/>
        <line num="27" count="5" type="stmt"/>
        <line num="28" count="5" type="cond" truecount="2" falsecount="0"/>
        <line num="29" count="1" type="stmt"/>
        <line num="38" count="4" type="stmt"/>
        <line num="40" count="4" type="stmt"/>
        <line num="50" count="4" type="stmt"/>
        <line num="62" count="4" type="stmt"/>
        <line num="64" count="4" type="stmt"/>
        <line num="65" count="4" type="stmt"/>
        <line num="69" count="5" type="stmt"/>
        <line num="70" count="2" type="stmt"/>
        <line num="72" count="2" type="cond" truecount="2" falsecount="0"/>
        <line num="73" count="1" type="stmt"/>
        <line num="82" count="1" type="stmt"/>
        <line num="83" count="1" type="stmt"/>
        <line num="86" count="5" type="stmt"/>
      </file>
      <file name="fulfilmentCancellation.js" path="/Users/musk/SENG2021/src/routes/fulfilmentCancellation.js">
        <metrics statements="43" coveredstatements="38" conditionals="12" coveredconditionals="8" methods="3" coveredmethods="3"/>
        <line num="1" count="5" type="stmt"/>
        <line num="2" count="5" type="stmt"/>
        <line num="3" count="5" type="stmt"/>
        <line num="4" count="5" type="stmt"/>
        <line num="5" count="5" type="stmt"/>
        <line num="6" count="5" type="stmt"/>
        <line num="10" count="5" type="stmt"/>
        <line num="11" count="9" type="stmt"/>
        <line num="16" count="9" type="stmt"/>
        <line num="18" count="9" type="stmt"/>
        <line num="21" count="9" type="stmt"/>
        <line num="27" count="9" type="stmt"/>
        <line num="29" count="6" type="stmt"/>
        <line num="31" count="6" type="cond" truecount="2" falsecount="0"/>
        <line num="32" count="1" type="stmt"/>
        <line num="37" count="5" type="stmt"/>
        <line num="39" count="5" type="cond" truecount="1" falsecount="1"/>
        <line num="40" count="5" type="stmt"/>
        <line num="43" count="5" type="stmt"/>
        <line num="44" count="5" type="stmt"/>
        <line num="47" count="5" type="stmt"/>
        <line num="48" count="5" type="stmt"/>
        <line num="63" count="5" type="stmt"/>
        <line num="67" count="3" type="cond" truecount="1" falsecount="1"/>
        <line num="68" count="3" type="stmt"/>
        <line num="73" count="0" type="cond" truecount="0" falsecount="2"/>
        <line num="74" count="0" type="stmt"/>
        <line num="80" count="0" type="stmt"/>
        <line num="85" count="5" type="stmt"/>
        <line num="86" count="2" type="stmt"/>
        <line num="87" count="2" type="stmt"/>
        <line num="92" count="2" type="cond" truecount="2" falsecount="0"/>
        <line num="93" count="1" type="stmt"/>
        <line num="96" count="1" type="stmt"/>
        <line num="98" count="0" type="stmt"/>
        <line num="103" count="5" type="stmt"/>
        <line num="104" count="2" type="stmt"/>
        <line num="105" count="2" type="stmt"/>
        <line num="109" count="2" type="cond" truecount="2" falsecount="0"/>
        <line num="110" count="1" type="stmt"/>
        <line num="113" count="1" type="stmt"/>
        <line num="118" count="0" type="stmt"/>
        <line num="122" count="5" type="stmt"/>
      </file>
      <file name="orderAdjustmentRoute.js" path="/Users/musk/SENG2021/src/routes/orderAdjustmentRoute.js">
        <metrics statements="20" coveredstatements="14" conditionals="6" coveredconditionals="2" methods="2" coveredmethods="2"/>
        <line num="1" count="5" type="stmt"/>
        <line num="2" count="5" type="stmt"/>
        <line num="3" count="5" type="stmt"/>
        <line num="4" count="5" type="stmt"/>
        <line num="6" count="5" type="stmt"/>
        <line num="10" count="5" type="stmt"/>
        <line num="11" count="12" type="cond" truecount="1" falsecount="1"/>
        <line num="12" count="12" type="stmt"/>
        <line num="15" count="0" type="stmt"/>
        <line num="16" count="0" type="stmt"/>
        <line num="17" count="0" type="stmt"/>
        <line num="19" count="0" type="cond" truecount="0" falsecount="2"/>
        <line num="25" count="5" type="stmt"/>
        <line num="26" count="2" type="stmt"/>
        <line num="27" count="2" type="stmt"/>
        <line num="28" count="2" type="cond" truecount="1" falsecount="1"/>
        <line num="29" count="2" type="stmt"/>
        <line num="32" count="0" type="stmt"/>
        <line num="34" count="0" type="stmt"/>
        <line num="38" count="5" type="stmt"/>
      </file>
      <file name="receiptAdvice.js" path="/Users/musk/SENG2021/src/routes/receiptAdvice.js">
        <metrics statements="47" coveredstatements="46" conditionals="25" coveredconditionals="24" methods="5" coveredmethods="5"/>
        <line num="1" count="5" type="stmt"/>
        <line num="2" count="5" type="stmt"/>
        <line num="3" count="5" type="stmt"/>
        <line num="4" count="5" type="stmt"/>
        <line num="5" count="5" type="stmt"/>
        <line num="6" count="5" type="stmt"/>
        <line num="7" count="5" type="stmt"/>
        <line num="11" count="5" type="stmt"/>
        <line num="12" count="14" type="stmt"/>
        <line num="13" count="14" type="stmt"/>
        <line num="15" count="14" type="cond" truecount="5" falsecount="0"/>
        <line num="16" count="3" type="stmt"/>
        <line num="29" count="21" type="stmt"/>
        <line num="30" count="11" type="cond" truecount="2" falsecount="0"/>
        <line num="31" count="1" type="stmt"/>
        <line num="40" count="10" type="stmt"/>
        <line num="41" count="10" type="cond" truecount="2" falsecount="0"/>
        <line num="42" count="1" type="stmt"/>
        <line num="51" count="9" type="cond" truecount="2" falsecount="0"/>
        <line num="52" count="3" type="stmt"/>
        <line num="57" count="3" type="stmt"/>
        <line num="66" count="6" type="stmt"/>
        <line num="68" count="6" type="stmt"/>
        <line num="76" count="6" type="stmt"/>
        <line num="85" count="6" type="stmt"/>
        <line num="88" count="6" type="stmt"/>
        <line num="89" count="6" type="stmt"/>
        <line num="90" count="12" type="stmt"/>
        <line num="93" count="6" type="stmt"/>
        <line num="94" count="12" type="cond" truecount="2" falsecount="0"/>
        <line num="97" count="6" type="cond" truecount="2" falsecount="0"/>
        <line num="98" count="1" type="stmt"/>
        <line num="103" count="1" type="stmt"/>
        <line num="111" count="1" type="stmt"/>
        <line num="112" count="1" type="stmt"/>
        <line num="115" count="6" type="stmt"/>
        <line num="116" count="6" type="stmt"/>
        <line num="118" count="6" type="stmt"/>
        <line num="119" count="6" type="stmt"/>
        <line num="121" count="0" type="stmt"/>
        <line num="129" count="5" type="stmt"/>
        <line num="130" count="2" type="stmt"/>
        <line num="134" count="2" type="cond" truecount="2" falsecount="0"/>
        <line num="135" count="1" type="stmt"/>
        <line num="144" count="1" type="stmt"/>
        <line num="145" count="1" type="stmt"/>
        <line num="148" count="5" type="stmt"/>
      </file>
    </package>
    <package name="src.services">
      <metrics statements="35" coveredstatements="4" conditionals="18" coveredconditionals="0" methods="3" coveredmethods="0"/>
      <file name="orderAdjustmentService.js" path="/Users/musk/SENG2021/src/services/orderAdjustmentService.js">
        <metrics statements="35" coveredstatements="4" conditionals="18" coveredconditionals="0" methods="3" coveredmethods="0"/>
        <line num="1" count="5" type="stmt"/>
        <line num="2" count="5" type="stmt"/>
        <line num="3" count="5" type="stmt"/>
        <line num="13" count="0" type="stmt"/>
        <line num="15" count="0" type="cond" truecount="0" falsecount="6"/>
        <line num="16" count="0" type="stmt"/>
        <line num="17" count="0" type="stmt"/>
        <line num="18" count="0" type="stmt"/>
        <line num="22" count="0" type="stmt"/>
        <line num="23" count="0" type="cond" truecount="0" falsecount="2"/>
        <line num="24" count="0" type="stmt"/>
        <line num="25" count="0" type="stmt"/>
        <line num="26" count="0" type="stmt"/>
        <line num="30" count="0" type="cond" truecount="0" falsecount="2"/>
        <line num="31" count="0" type="stmt"/>
        <line num="32" count="0" type="stmt"/>
        <line num="33" count="0" type="stmt"/>
        <line num="35" count="0" type="cond" truecount="0" falsecount="2"/>
        <line num="36" count="0" type="stmt"/>
        <line num="37" count="0" type="stmt"/>
        <line num="38" count="0" type="stmt"/>
        <line num="41" count="0" type="stmt"/>
        <line num="44" count="0" type="stmt"/>
        <line num="47" count="0" type="stmt"/>
        <line num="57" count="0" type="stmt"/>
        <line num="58" count="0" type="stmt"/>
        <line num="59" count="0" type="stmt"/>
        <line num="61" count="0" type="stmt"/>
        <line num="65" count="0" type="cond" truecount="0" falsecount="4"/>
        <line num="66" count="0" type="stmt"/>
        <line num="69" count="0" type="stmt"/>
        <line num="70" count="0" type="stmt"/>
        <line num="71" count="0" type="cond" truecount="0" falsecount="2"/>
        <line num="72" count="0" type="stmt"/>
        <line num="78" count="5" type="stmt"/>
      </file>
    </package>
    <package name="src.utils">
      <metrics statements="24" coveredstatements="23" conditionals="8" coveredconditionals="5" methods="5" coveredmethods="5"/>
      <file name="ublGenerator.js" path="/Users/musk/SENG2021/src/utils/ublGenerator.js">
        <metrics statements="24" coveredstatements="23" conditionals="8" coveredconditionals="5" methods="5" coveredmethods="5"/>
        <line num="1" count="5" type="stmt"/>
        <line num="4" count="5" type="stmt"/>
        <line num="5" count="6" type="stmt"/>
        <line num="7" count="6" type="stmt"/>
        <line num="17" count="6" type="cond" truecount="1" falsecount="1"/>
        <line num="18" count="0" type="stmt"/>
        <line num="22" count="6" type="stmt"/>
        <line num="28" count="6" type="stmt"/>
        <line num="29" count="12" type="stmt"/>
        <line num="41" count="6" type="stmt"/>
        <line num="44" count="13" type="stmt"/>
        <line num="46" count="5" type="stmt"/>
        <line num="55" count="4" type="stmt"/>
        <line num="57" count="4" type="stmt"/>
        <line num="67" count="4" type="cond" truecount="1" falsecount="1"/>
        <line num="68" count="4" type="stmt"/>
        <line num="72" count="4" type="stmt"/>
        <line num="81" count="4" type="stmt"/>
        <line num="89" count="4" type="cond" truecount="2" falsecount="0"/>
        <line num="90" count="3" type="stmt"/>
        <line num="94" count="4" type="stmt"/>
        <line num="95" count="4" type="stmt"/>
        <line num="106" count="4" type="stmt"/>
        <line num="108" count="5" type="stmt"/>
      </file>
    </package>
  </project>
</coverage>
