{"/Users/midas/Documents/UNSW/SENG2021/project/SENG2021/src/app.js": {"path":"/Users/midas/Documents/UNSW/SENG2021/project/SENG2021/src/app.js","statementMap":{"0":{"start":{"line":1,"column":0},"end":{"line":1,"column":27}},"1":{"start":{"line":2,"column":16},"end":{"line":2,"column":34}},"2":{"start":{"line":3,"column":18},"end":{"line":3,"column":40}},"3":{"start":{"line":4,"column":27},"end":{"line":4,"column":55}},"4":{"start":{"line":5,"column":28},"end":{"line":5,"column":61}},"5":{"start":{"line":6,"column":29},"end":{"line":6,"column":63}},"6":{"start":{"line":7,"column":30},"end":{"line":7,"column":70}},"7":{"start":{"line":8,"column":37},"end":{"line":8,"column":79}},"8":{"start":{"line":9,"column":12},"end":{"line":9,"column":21}},"9":{"start":{"line":10,"column":0},"end":{"line":10,"column":24}},"10":{"start":{"line":12,"column":0},"end":{"line":12,"column":12}},"11":{"start":{"line":14,"column":0},"end":{"line":14,"column":49}},"12":{"start":{"line":15,"column":0},"end":{"line":15,"column":50}},"13":{"start":{"line":16,"column":0},"end":{"line":16,"column":67}},"14":{"start":{"line":17,"column":0},"end":{"line":17,"column":71}},"15":{"start":{"line":18,"column":0},"end":{"line":18,"column":69}},"16":{"start":{"line":19,"column":0},"end":{"line":19,"column":73}},"17":{"start":{"line":21,"column":0},"end":{"line":26,"column":3}},"18":{"start":{"line":22,"column":4},"end":{"line":25,"column":7}},"19":{"start":{"line":28,"column":0},"end":{"line":30,"column":3}},"20":{"start":{"line":29,"column":2},"end":{"line":29,"column":68}},"21":{"start":{"line":32,"column":0},"end":{"line":32,"column":21}}},"fnMap":{"0":{"name":"(anonymous_0)","decl":{"start":{"line":21,"column":37},"end":{"line":21,"column":38}},"loc":{"start":{"line":21,"column":51},"end":{"line":26,"column":1}},"line":21},"1":{"name":"(anonymous_1)","decl":{"start":{"line":28,"column":37},"end":{"line":28,"column":38}},"loc":{"start":{"line":28,"column":43},"end":{"line":30,"column":1}},"line":28}},"branchMap":{"0":{"loc":{"start":{"line":28,"column":11},"end":{"line":28,"column":35}},"type":"binary-expr","locations":[{"start":{"line":28,"column":11},"end":{"line":28,"column":27}},{"start":{"line":28,"column":31},"end":{"line":28,"column":35}}],"line":28},"1":{"loc":{"start":{"line":29,"column":40},"end":{"line":29,"column":64}},"type":"binary-expr","locations":[{"start":{"line":29,"column":40},"end":{"line":29,"column":56}},{"start":{"line":29,"column":60},"end":{"line":29,"column":64}}],"line":29}},"s":{"0":3,"1":3,"2":3,"3":3,"4":3,"5":3,"6":3,"7":3,"8":3,"9":3,"10":3,"11":3,"12":3,"13":3,"14":3,"15":3,"16":3,"17":3,"18":0,"19":3,"20":3,"21":3},"f":{"0":0,"1":3},"b":{"0":[3,3],"1":[3,3]},"_coverageSchema":"1a1c01bbd47fc00a2c39e90264f33305004495a9","hash":"6f15a49fe8b6232e57297893bcfd970ab76e2134"}
,"/Users/midas/Documents/UNSW/SENG2021/project/SENG2021/src/config/db.js": {"path":"/Users/midas/Documents/UNSW/SENG2021/project/SENG2021/src/config/db.js","statementMap":{"0":{"start":{"line":1,"column":17},"end":{"line":1,"column":36}},"1":{"start":{"line":3,"column":18},"end":{"line":6,"column":1}},"2":{"start":{"line":4,"column":15},"end":{"line":4,"column":62}},"3":{"start":{"line":5,"column":2},"end":{"line":5,"column":60}},"4":{"start":{"line":8,"column":0},"end":{"line":8,"column":27}}},"fnMap":{"0":{"name":"(anonymous_0)","decl":{"start":{"line":3,"column":18},"end":{"line":3,"column":19}},"loc":{"start":{"line":3,"column":30},"end":{"line":6,"column":1}},"line":3}},"branchMap":{},"s":{"0":3,"1":3,"2":3,"3":3,"4":3},"f":{"0":3},"b":{},"_coverageSchema":"1a1c01bbd47fc00a2c39e90264f33305004495a9","hash":"af3715e4226401580a69f6ef7eb6691c4a0f2f67"}
,"/Users/midas/Documents/UNSW/SENG2021/project/SENG2021/src/middleware/auth.js": {"path":"/Users/midas/Documents/UNSW/SENG2021/project/SENG2021/src/middleware/auth.js","statementMap":{"0":{"start":{"line":1,"column":14},"end":{"line":1,"column":40}},"1":{"start":{"line":4,"column":4},"end":{"line":44,"column":5}},"2":{"start":{"line":5,"column":27},"end":{"line":5,"column":52}},"3":{"start":{"line":6,"column":8},"end":{"line":10,"column":9}},"4":{"start":{"line":7,"column":12},"end":{"line":9,"column":15}},"5":{"start":{"line":12,"column":8},"end":{"line":16,"column":9}},"6":{"start":{"line":13,"column":12},"end":{"line":15,"column":15}},"7":{"start":{"line":18,"column":22},"end":{"line":18,"column":46}},"8":{"start":{"line":19,"column":8},"end":{"line":23,"column":9}},"9":{"start":{"line":20,"column":12},"end":{"line":22,"column":15}},"10":{"start":{"line":25,"column":22},"end":{"line":25,"column":61}},"11":{"start":{"line":26,"column":8},"end":{"line":30,"column":9}},"12":{"start":{"line":27,"column":12},"end":{"line":29,"column":15}},"13":{"start":{"line":32,"column":8},"end":{"line":36,"column":10}},"14":{"start":{"line":38,"column":8},"end":{"line":38,"column":15}},"15":{"start":{"line":40,"column":8},"end":{"line":40,"column":52}},"16":{"start":{"line":41,"column":8},"end":{"line":43,"column":11}},"17":{"start":{"line":48,"column":4},"end":{"line":62,"column":6}},"18":{"start":{"line":49,"column":8},"end":{"line":53,"column":9}},"19":{"start":{"line":50,"column":12},"end":{"line":52,"column":15}},"20":{"start":{"line":55,"column":8},"end":{"line":59,"column":9}},"21":{"start":{"line":56,"column":12},"end":{"line":58,"column":15}},"22":{"start":{"line":61,"column":8},"end":{"line":61,"column":15}},"23":{"start":{"line":65,"column":0},"end":{"line":68,"column":2}}},"fnMap":{"0":{"name":"authMiddleware","decl":{"start":{"line":3,"column":15},"end":{"line":3,"column":29}},"loc":{"start":{"line":3,"column":46},"end":{"line":45,"column":1}},"line":3},"1":{"name":"authorizeRoles","decl":{"start":{"line":47,"column":9},"end":{"line":47,"column":23}},"loc":{"start":{"line":47,"column":41},"end":{"line":63,"column":1}},"line":47},"2":{"name":"(anonymous_2)","decl":{"start":{"line":48,"column":11},"end":{"line":48,"column":12}},"loc":{"start":{"line":48,"column":31},"end":{"line":62,"column":5}},"line":48}},"branchMap":{"0":{"loc":{"start":{"line":6,"column":8},"end":{"line":10,"column":9}},"type":"if","locations":[{"start":{"line":6,"column":8},"end":{"line":10,"column":9}},{"start":{},"end":{}}],"line":6},"1":{"loc":{"start":{"line":12,"column":8},"end":{"line":16,"column":9}},"type":"if","locations":[{"start":{"line":12,"column":8},"end":{"line":16,"column":9}},{"start":{},"end":{}}],"line":12},"2":{"loc":{"start":{"line":19,"column":8},"end":{"line":23,"column":9}},"type":"if","locations":[{"start":{"line":19,"column":8},"end":{"line":23,"column":9}},{"start":{},"end":{}}],"line":19},"3":{"loc":{"start":{"line":26,"column":8},"end":{"line":30,"column":9}},"type":"if","locations":[{"start":{"line":26,"column":8},"end":{"line":30,"column":9}},{"start":{},"end":{}}],"line":26},"4":{"loc":{"start":{"line":49,"column":8},"end":{"line":53,"column":9}},"type":"if","locations":[{"start":{"line":49,"column":8},"end":{"line":53,"column":9}},{"start":{},"end":{}}],"line":49},"5":{"loc":{"start":{"line":55,"column":8},"end":{"line":59,"column":9}},"type":"if","locations":[{"start":{"line":55,"column":8},"end":{"line":59,"column":9}},{"start":{},"end":{}}],"line":55}},"s":{"0":3,"1":16,"2":16,"3":16,"4":1,"5":15,"6":0,"7":15,"8":15,"9":0,"10":15,"11":15,"12":1,"13":14,"14":14,"15":0,"16":0,"17":0,"18":0,"19":0,"20":0,"21":0,"22":0,"23":3},"f":{"0":16,"1":0,"2":0},"b":{"0":[1,15],"1":[0,15],"2":[0,15],"3":[1,14],"4":[0,0],"5":[0,0]},"_coverageSchema":"1a1c01bbd47fc00a2c39e90264f33305004495a9","hash":"778d248e8174afcec51f8509431b32c1493a43a2"}
,"/Users/midas/Documents/UNSW/SENG2021/project/SENG2021/src/models/DespatchAdvice.js": {"path":"/Users/midas/Documents/UNSW/SENG2021/project/SENG2021/src/models/DespatchAdvice.js","statementMap":{"0":{"start":{"line":1,"column":17},"end":{"line":1,"column":36}},"1":{"start":{"line":3,"column":20},"end":{"line":6,"column":18}},"2":{"start":{"line":8,"column":23},"end":{"line":13,"column":18}},"3":{"start":{"line":15,"column":29},"end":{"line":32,"column":1}},"4":{"start":{"line":34,"column":0},"end":{"line":34,"column":72}}},"fnMap":{},"branchMap":{},"s":{"0":3,"1":3,"2":3,"3":3,"4":3},"f":{},"b":{},"_coverageSchema":"1a1c01bbd47fc00a2c39e90264f33305004495a9","hash":"5cca00b72cca80e8a4c9e623d083689e6ab019ef"}
,"/Users/midas/Documents/UNSW/SENG2021/project/SENG2021/src/models/FulfilmentCancellation.js": {"path":"/Users/midas/Documents/UNSW/SENG2021/project/SENG2021/src/models/FulfilmentCancellation.js","statementMap":{"0":{"start":{"line":1,"column":17},"end":{"line":1,"column":36}},"1":{"start":{"line":3,"column":37},"end":{"line":16,"column":1}},"2":{"start":{"line":18,"column":0},"end":{"line":18,"column":88}}},"fnMap":{},"branchMap":{},"s":{"0":3,"1":3,"2":3},"f":{},"b":{},"_coverageSchema":"1a1c01bbd47fc00a2c39e90264f33305004495a9","hash":"d87fe5140057ed4023eca606bb55fd6a20fa831f"}
,"/Users/midas/Documents/UNSW/SENG2021/project/SENG2021/src/models/OrderAdjustment.js": {"path":"/Users/midas/Documents/UNSW/SENG2021/project/SENG2021/src/models/OrderAdjustment.js","statementMap":{"0":{"start":{"line":1,"column":17},"end":{"line":1,"column":36}},"1":{"start":{"line":3,"column":29},"end":{"line":10,"column":18}},"2":{"start":{"line":12,"column":30},"end":{"line":33,"column":1}},"3":{"start":{"line":20,"column":10},"end":{"line":20,"column":35}},"4":{"start":{"line":35,"column":0},"end":{"line":35,"column":63}},"5":{"start":{"line":36,"column":0},"end":{"line":36,"column":46}},"6":{"start":{"line":37,"column":0},"end":{"line":37,"column":74}}},"fnMap":{"0":{"name":"(anonymous_0)","decl":{"start":{"line":19,"column":29},"end":{"line":19,"column":30}},"loc":{"start":{"line":19,"column":41},"end":{"line":21,"column":9}},"line":19}},"branchMap":{"0":{"loc":{"start":{"line":20,"column":17},"end":{"line":20,"column":34}},"type":"binary-expr","locations":[{"start":{"line":20,"column":17},"end":{"line":20,"column":18}},{"start":{"line":20,"column":22},"end":{"line":20,"column":34}}],"line":20}},"s":{"0":3,"1":3,"2":3,"3":3,"4":3,"5":3,"6":3},"f":{"0":3},"b":{"0":[3,3]},"_coverageSchema":"1a1c01bbd47fc00a2c39e90264f33305004495a9","hash":"262c12a016b04fd86c3ad5185239a0b66970ee5b"}
,"/Users/midas/Documents/UNSW/SENG2021/project/SENG2021/src/models/Party.js": {"path":"/Users/midas/Documents/UNSW/SENG2021/project/SENG2021/src/models/Party.js","statementMap":{"0":{"start":{"line":1,"column":17},"end":{"line":1,"column":36}},"1":{"start":{"line":3,"column":20},"end":{"line":15,"column":1}},"2":{"start":{"line":17,"column":0},"end":{"line":17,"column":54}}},"fnMap":{},"branchMap":{},"s":{"0":3,"1":3,"2":3},"f":{},"b":{},"_coverageSchema":"1a1c01bbd47fc00a2c39e90264f33305004495a9","hash":"a8d4ed262266b1555ab0604448f3d7def6ce8017"}
,"/Users/midas/Documents/UNSW/SENG2021/project/SENG2021/src/models/ReceiptAdvice.js": {"path":"/Users/midas/Documents/UNSW/SENG2021/project/SENG2021/src/models/ReceiptAdvice.js","statementMap":{"0":{"start":{"line":1,"column":17},"end":{"line":1,"column":36}},"1":{"start":{"line":3,"column":27},"end":{"line":7,"column":18}},"2":{"start":{"line":9,"column":28},"end":{"line":19,"column":1}},"3":{"start":{"line":21,"column":0},"end":{"line":21,"column":70}}},"fnMap":{},"branchMap":{},"s":{"0":3,"1":3,"2":3,"3":3},"f":{},"b":{},"_coverageSchema":"1a1c01bbd47fc00a2c39e90264f33305004495a9","hash":"48cff545442950724f9a043b591f57253b5065c6"}
,"/Users/midas/Documents/UNSW/SENG2021/project/SENG2021/src/models/Supply.js": {"path":"/Users/midas/Documents/UNSW/SENG2021/project/SENG2021/src/models/Supply.js","statementMap":{"0":{"start":{"line":1,"column":17},"end":{"line":1,"column":36}},"1":{"start":{"line":3,"column":21},"end":{"line":19,"column":1}},"2":{"start":{"line":21,"column":0},"end":{"line":21,"column":69}},"3":{"start":{"line":23,"column":0},"end":{"line":23,"column":56}}},"fnMap":{},"branchMap":{},"s":{"0":3,"1":3,"2":3,"3":3},"f":{},"b":{},"_coverageSchema":"1a1c01bbd47fc00a2c39e90264f33305004495a9","hash":"cf7900019177a64071c349c278fc36746dd71d92"}
,"/Users/midas/Documents/UNSW/SENG2021/project/SENG2021/src/routes/despatchAdvice.js": {"path":"/Users/midas/Documents/UNSW/SENG2021/project/SENG2021/src/routes/despatchAdvice.js","statementMap":{"0":{"start":{"line":1,"column":16},"end":{"line":1,"column":34}},"1":{"start":{"line":2,"column":23},"end":{"line":2,"column":38}},"2":{"start":{"line":3,"column":15},"end":{"line":3,"column":31}},"3":{"start":{"line":4,"column":23},"end":{"line":4,"column":58}},"4":{"start":{"line":5,"column":38},"end":{"line":5,"column":70}},"5":{"start":{"line":8,"column":0},"end":{"line":66,"column":3}},"6":{"start":{"line":9,"column":99},"end":{"line":9,"column":107}},"7":{"start":{"line":11,"column":2},"end":{"line":24,"column":3}},"8":{"start":{"line":12,"column":4},"end":{"line":23,"column":7}},"9":{"start":{"line":27,"column":22},"end":{"line":27,"column":61}},"10":{"start":{"line":27,"column":43},"end":{"line":27,"column":60}},"11":{"start":{"line":28,"column":2},"end":{"line":36,"column":3}},"12":{"start":{"line":29,"column":4},"end":{"line":35,"column":7}},"13":{"start":{"line":38,"column":27},"end":{"line":38,"column":43}},"14":{"start":{"line":40,"column":22},"end":{"line":48,"column":4}},"15":{"start":{"line":50,"column":25},"end":{"line":60,"column":4}},"16":{"start":{"line":62,"column":2},"end":{"line":62,"column":30}},"17":{"start":{"line":64,"column":2},"end":{"line":64,"column":45}},"18":{"start":{"line":65,"column":2},"end":{"line":65,"column":43}},"19":{"start":{"line":69,"column":0},"end":{"line":84,"column":3}},"20":{"start":{"line":70,"column":25},"end":{"line":70,"column":104}},"21":{"start":{"line":72,"column":2},"end":{"line":80,"column":3}},"22":{"start":{"line":73,"column":4},"end":{"line":79,"column":7}},"23":{"start":{"line":82,"column":2},"end":{"line":82,"column":45}},"24":{"start":{"line":83,"column":2},"end":{"line":83,"column":58}},"25":{"start":{"line":86,"column":0},"end":{"line":86,"column":24}}},"fnMap":{"0":{"name":"(anonymous_0)","decl":{"start":{"line":8,"column":17},"end":{"line":8,"column":18}},"loc":{"start":{"line":8,"column":37},"end":{"line":66,"column":1}},"line":8},"1":{"name":"(anonymous_1)","decl":{"start":{"line":27,"column":33},"end":{"line":27,"column":34}},"loc":{"start":{"line":27,"column":43},"end":{"line":27,"column":60}},"line":27},"2":{"name":"(anonymous_2)","decl":{"start":{"line":69,"column":33},"end":{"line":69,"column":34}},"loc":{"start":{"line":69,"column":53},"end":{"line":84,"column":1}},"line":69}},"branchMap":{"0":{"loc":{"start":{"line":11,"column":2},"end":{"line":24,"column":3}},"type":"if","locations":[{"start":{"line":11,"column":2},"end":{"line":24,"column":3}},{"start":{},"end":{}}],"line":11},"1":{"loc":{"start":{"line":11,"column":6},"end":{"line":11,"column":112}},"type":"binary-expr","locations":[{"start":{"line":11,"column":6},"end":{"line":11,"column":20}},{"start":{"line":11,"column":24},"end":{"line":11,"column":38}},{"start":{"line":11,"column":42},"end":{"line":11,"column":55}},{"start":{"line":11,"column":59},"end":{"line":11,"column":65}},{"start":{"line":11,"column":69},"end":{"line":11,"column":90}},{"start":{"line":11,"column":94},"end":{"line":11,"column":112}}],"line":11},"2":{"loc":{"start":{"line":17,"column":14},"end":{"line":17,"column":65}},"type":"cond-expr","locations":[{"start":{"line":17,"column":31},"end":{"line":17,"column":60}},{"start":{"line":17,"column":63},"end":{"line":17,"column":65}}],"line":17},"3":{"loc":{"start":{"line":18,"column":14},"end":{"line":18,"column":65}},"type":"cond-expr","locations":[{"start":{"line":18,"column":31},"end":{"line":18,"column":60}},{"start":{"line":18,"column":63},"end":{"line":18,"column":65}}],"line":18},"4":{"loc":{"start":{"line":19,"column":14},"end":{"line":19,"column":63}},"type":"cond-expr","locations":[{"start":{"line":19,"column":30},"end":{"line":19,"column":58}},{"start":{"line":19,"column":61},"end":{"line":19,"column":63}}],"line":19},"5":{"loc":{"start":{"line":20,"column":15},"end":{"line":20,"column":111}},"type":"cond-expr","locations":[{"start":{"line":20,"column":71},"end":{"line":20,"column":106}},{"start":{"line":20,"column":109},"end":{"line":20,"column":111}}],"line":20},"6":{"loc":{"start":{"line":20,"column":15},"end":{"line":20,"column":68}},"type":"binary-expr","locations":[{"start":{"line":20,"column":15},"end":{"line":20,"column":21}},{"start":{"line":20,"column":25},"end":{"line":20,"column":46}},{"start":{"line":20,"column":50},"end":{"line":20,"column":68}}],"line":20},"7":{"loc":{"start":{"line":28,"column":2},"end":{"line":36,"column":3}},"type":"if","locations":[{"start":{"line":28,"column":2},"end":{"line":36,"column":3}},{"start":{},"end":{}}],"line":28},"8":{"loc":{"start":{"line":72,"column":2},"end":{"line":80,"column":3}},"type":"if","locations":[{"start":{"line":72,"column":2},"end":{"line":80,"column":3}},{"start":{},"end":{}}],"line":72}},"s":{"0":3,"1":3,"2":3,"3":3,"4":3,"5":3,"6":8,"7":8,"8":4,"9":4,"10":4,"11":4,"12":1,"13":3,"14":3,"15":3,"16":3,"17":3,"18":3,"19":3,"20":2,"21":2,"22":1,"23":1,"24":1,"25":3},"f":{"0":8,"1":4,"2":2},"b":{"0":[4,4],"1":[8,7,6,5,4,4],"2":[1,3],"3":[1,3],"4":[1,3],"5":[1,3],"6":[4,3,3],"7":[1,3],"8":[1,1]},"_coverageSchema":"1a1c01bbd47fc00a2c39e90264f33305004495a9","hash":"de16b6f5ba293d9a1c00cfdcf05413204de656db"}
,"/Users/midas/Documents/UNSW/SENG2021/project/SENG2021/src/routes/fulfilmentCancellation.js": {"path":"/Users/midas/Documents/UNSW/SENG2021/project/SENG2021/src/routes/fulfilmentCancellation.js","statementMap":{"0":{"start":{"line":1,"column":16},"end":{"line":1,"column":34}},"1":{"start":{"line":2,"column":15},"end":{"line":2,"column":31}},"2":{"start":{"line":3,"column":31},"end":{"line":3,"column":74}},"3":{"start":{"line":4,"column":23},"end":{"line":4,"column":58}},"4":{"start":{"line":5,"column":15},"end":{"line":5,"column":42}},"5":{"start":{"line":6,"column":23},"end":{"line":6,"column":38}},"6":{"start":{"line":10,"column":0},"end":{"line":82,"column":3}},"7":{"start":{"line":11,"column":2},"end":{"line":81,"column":3}},"8":{"start":{"line":16,"column":8},"end":{"line":16,"column":16}},"9":{"start":{"line":18,"column":37},"end":{"line":18,"column":53}},"10":{"start":{"line":21,"column":25},"end":{"line":26,"column":6}},"11":{"start":{"line":27,"column":4},"end":{"line":27,"column":34}},"12":{"start":{"line":29,"column":25},"end":{"line":29,"column":75}},"13":{"start":{"line":31,"column":4},"end":{"line":35,"column":5}},"14":{"start":{"line":32,"column":6},"end":{"line":34,"column":9}},"15":{"start":{"line":37,"column":30},"end":{"line":37,"column":55}},"16":{"start":{"line":39,"column":4},"end":{"line":62,"column":5}},"17":{"start":{"line":40,"column":21},"end":{"line":40,"column":71}},"18":{"start":{"line":43,"column":6},"end":{"line":43,"column":34}},"19":{"start":{"line":44,"column":6},"end":{"line":44,"column":26}},"20":{"start":{"line":47,"column":6},"end":{"line":61,"column":7}},"21":{"start":{"line":48,"column":8},"end":{"line":60,"column":10}},"22":{"start":{"line":63,"column":4},"end":{"line":63,"column":51}},"23":{"start":{"line":67,"column":4},"end":{"line":71,"column":5}},"24":{"start":{"line":68,"column":6},"end":{"line":70,"column":9}},"25":{"start":{"line":73,"column":4},"end":{"line":77,"column":5}},"26":{"start":{"line":74,"column":6},"end":{"line":76,"column":9}},"27":{"start":{"line":80,"column":4},"end":{"line":80,"column":70}},"28":{"start":{"line":85,"column":0},"end":{"line":100,"column":3}},"29":{"start":{"line":86,"column":2},"end":{"line":99,"column":3}},"30":{"start":{"line":87,"column":25},"end":{"line":89,"column":6}},"31":{"start":{"line":92,"column":4},"end":{"line":94,"column":5}},"32":{"start":{"line":93,"column":6},"end":{"line":93,"column":73}},"33":{"start":{"line":96,"column":4},"end":{"line":96,"column":46}},"34":{"start":{"line":98,"column":4},"end":{"line":98,"column":60}},"35":{"start":{"line":103,"column":0},"end":{"line":120,"column":3}},"36":{"start":{"line":104,"column":2},"end":{"line":119,"column":3}},"37":{"start":{"line":105,"column":24},"end":{"line":107,"column":6}},"38":{"start":{"line":109,"column":4},"end":{"line":111,"column":5}},"39":{"start":{"line":110,"column":6},"end":{"line":110,"column":80}},"40":{"start":{"line":113,"column":4},"end":{"line":116,"column":7}},"41":{"start":{"line":118,"column":4},"end":{"line":118,"column":60}},"42":{"start":{"line":122,"column":0},"end":{"line":122,"column":24}}},"fnMap":{"0":{"name":"(anonymous_0)","decl":{"start":{"line":10,"column":17},"end":{"line":10,"column":18}},"loc":{"start":{"line":10,"column":37},"end":{"line":82,"column":1}},"line":10},"1":{"name":"(anonymous_1)","decl":{"start":{"line":85,"column":19},"end":{"line":85,"column":20}},"loc":{"start":{"line":85,"column":39},"end":{"line":100,"column":1}},"line":85},"2":{"name":"(anonymous_2)","decl":{"start":{"line":103,"column":22},"end":{"line":103,"column":23}},"loc":{"start":{"line":103,"column":42},"end":{"line":120,"column":1}},"line":103}},"branchMap":{"0":{"loc":{"start":{"line":31,"column":4},"end":{"line":35,"column":5}},"type":"if","locations":[{"start":{"line":31,"column":4},"end":{"line":35,"column":5}},{"start":{},"end":{}}],"line":31},"1":{"loc":{"start":{"line":39,"column":4},"end":{"line":62,"column":5}},"type":"if","locations":[{"start":{"line":39,"column":4},"end":{"line":62,"column":5}},{"start":{},"end":{}}],"line":39},"2":{"loc":{"start":{"line":67,"column":4},"end":{"line":71,"column":5}},"type":"if","locations":[{"start":{"line":67,"column":4},"end":{"line":71,"column":5}},{"start":{},"end":{}}],"line":67},"3":{"loc":{"start":{"line":73,"column":4},"end":{"line":77,"column":5}},"type":"if","locations":[{"start":{"line":73,"column":4},"end":{"line":77,"column":5}},{"start":{},"end":{}}],"line":73},"4":{"loc":{"start":{"line":92,"column":4},"end":{"line":94,"column":5}},"type":"if","locations":[{"start":{"line":92,"column":4},"end":{"line":94,"column":5}},{"start":{},"end":{}}],"line":92},"5":{"loc":{"start":{"line":109,"column":4},"end":{"line":111,"column":5}},"type":"if","locations":[{"start":{"line":109,"column":4},"end":{"line":111,"column":5}},{"start":{},"end":{}}],"line":109}},"s":{"0":3,"1":3,"2":3,"3":3,"4":3,"5":3,"6":3,"7":9,"8":9,"9":9,"10":9,"11":9,"12":6,"13":6,"14":1,"15":5,"16":5,"17":5,"18":5,"19":5,"20":5,"21":5,"22":5,"23":3,"24":3,"25":0,"26":0,"27":0,"28":3,"29":2,"30":2,"31":2,"32":1,"33":1,"34":0,"35":3,"36":2,"37":2,"38":2,"39":1,"40":1,"41":0,"42":3},"f":{"0":9,"1":2,"2":2},"b":{"0":[1,5],"1":[5,0],"2":[3,0],"3":[0,0],"4":[1,1],"5":[1,1]},"_coverageSchema":"1a1c01bbd47fc00a2c39e90264f33305004495a9","hash":"f9f377aef90cfc6fc490a906cbbae354660a6155"}
,"/Users/midas/Documents/UNSW/SENG2021/project/SENG2021/src/routes/orderAdjustmentRoute.js": {"path":"/Users/midas/Documents/UNSW/SENG2021/project/SENG2021/src/routes/orderAdjustmentRoute.js","statementMap":{"0":{"start":{"line":1,"column":16},"end":{"line":1,"column":34}},"1":{"start":{"line":2,"column":15},"end":{"line":2,"column":31}},"2":{"start":{"line":3,"column":24},"end":{"line":3,"column":60}},"3":{"start":{"line":4,"column":31},"end":{"line":4,"column":76}},"4":{"start":{"line":6,"column":16},"end":{"line":6,"column":44}},"5":{"start":{"line":9,"column":0},"end":{"line":16,"column":3}},"6":{"start":{"line":10,"column":4},"end":{"line":15,"column":5}},"7":{"start":{"line":11,"column":27},"end":{"line":11,"column":67}},"8":{"start":{"line":12,"column":8},"end":{"line":12,"column":48}},"9":{"start":{"line":14,"column":8},"end":{"line":14,"column":59}},"10":{"start":{"line":19,"column":0},"end":{"line":30,"column":3}},"11":{"start":{"line":20,"column":4},"end":{"line":29,"column":5}},"12":{"start":{"line":21,"column":27},"end":{"line":21,"column":94}},"13":{"start":{"line":22,"column":8},"end":{"line":24,"column":9}},"14":{"start":{"line":23,"column":12},"end":{"line":23,"column":98}},"15":{"start":{"line":26,"column":8},"end":{"line":26,"column":48}},"16":{"start":{"line":28,"column":8},"end":{"line":28,"column":59}},"17":{"start":{"line":32,"column":0},"end":{"line":32,"column":24}}},"fnMap":{"0":{"name":"(anonymous_0)","decl":{"start":{"line":9,"column":17},"end":{"line":9,"column":18}},"loc":{"start":{"line":9,"column":37},"end":{"line":16,"column":1}},"line":9},"1":{"name":"(anonymous_1)","decl":{"start":{"line":19,"column":19},"end":{"line":19,"column":20}},"loc":{"start":{"line":19,"column":38},"end":{"line":30,"column":1}},"line":19}},"branchMap":{"0":{"loc":{"start":{"line":22,"column":8},"end":{"line":24,"column":9}},"type":"if","locations":[{"start":{"line":22,"column":8},"end":{"line":24,"column":9}},{"start":{},"end":{}}],"line":22}},"s":{"0":3,"1":3,"2":3,"3":3,"4":3,"5":3,"6":12,"7":12,"8":2,"9":10,"10":3,"11":2,"12":2,"13":2,"14":1,"15":1,"16":0,"17":3},"f":{"0":12,"1":2},"b":{"0":[1,1]},"_coverageSchema":"1a1c01bbd47fc00a2c39e90264f33305004495a9","hash":"ce51401131c81879eb0ab15bb3117c2da7545461"}
,"/Users/midas/Documents/UNSW/SENG2021/project/SENG2021/src/routes/receiptAdvice.js": {"path":"/Users/midas/Documents/UNSW/SENG2021/project/SENG2021/src/routes/receiptAdvice.js","statementMap":{"0":{"start":{"line":1,"column":16},"end":{"line":1,"column":34}},"1":{"start":{"line":2,"column":23},"end":{"line":2,"column":38}},"2":{"start":{"line":3,"column":15},"end":{"line":3,"column":31}},"3":{"start":{"line":4,"column":22},"end":{"line":4,"column":56}},"4":{"start":{"line":5,"column":23},"end":{"line":5,"column":58}},"5":{"start":{"line":6,"column":37},"end":{"line":6,"column":69}},"6":{"start":{"line":10,"column":0},"end":{"line":82,"column":3}},"7":{"start":{"line":11,"column":66},"end":{"line":11,"column":74}},"8":{"start":{"line":13,"column":2},"end":{"line":25,"column":3}},"9":{"start":{"line":14,"column":4},"end":{"line":24,"column":7}},"10":{"start":{"line":27,"column":22},"end":{"line":27,"column":77}},"11":{"start":{"line":27,"column":51},"end":{"line":27,"column":76}},"12":{"start":{"line":28,"column":2},"end":{"line":36,"column":3}},"13":{"start":{"line":29,"column":4},"end":{"line":35,"column":7}},"14":{"start":{"line":38,"column":25},"end":{"line":38,"column":75}},"15":{"start":{"line":39,"column":2},"end":{"line":47,"column":3}},"16":{"start":{"line":40,"column":4},"end":{"line":46,"column":7}},"17":{"start":{"line":49,"column":2},"end":{"line":57,"column":3}},"18":{"start":{"line":50,"column":4},"end":{"line":56,"column":7}},"19":{"start":{"line":59,"column":26},"end":{"line":59,"column":42}},"20":{"start":{"line":61,"column":22},"end":{"line":67,"column":4}},"21":{"start":{"line":69,"column":24},"end":{"line":76,"column":4}},"22":{"start":{"line":78,"column":2},"end":{"line":78,"column":29}},"23":{"start":{"line":80,"column":2},"end":{"line":80,"column":45}},"24":{"start":{"line":81,"column":2},"end":{"line":81,"column":43}},"25":{"start":{"line":86,"column":0},"end":{"line":103,"column":3}},"26":{"start":{"line":87,"column":24},"end":{"line":89,"column":4}},"27":{"start":{"line":91,"column":2},"end":{"line":99,"column":3}},"28":{"start":{"line":92,"column":4},"end":{"line":98,"column":7}},"29":{"start":{"line":101,"column":2},"end":{"line":101,"column":45}},"30":{"start":{"line":102,"column":2},"end":{"line":102,"column":57}},"31":{"start":{"line":105,"column":0},"end":{"line":105,"column":24}}},"fnMap":{"0":{"name":"(anonymous_0)","decl":{"start":{"line":10,"column":17},"end":{"line":10,"column":18}},"loc":{"start":{"line":10,"column":37},"end":{"line":82,"column":1}},"line":10},"1":{"name":"(anonymous_1)","decl":{"start":{"line":27,"column":41},"end":{"line":27,"column":42}},"loc":{"start":{"line":27,"column":51},"end":{"line":27,"column":76}},"line":27},"2":{"name":"(anonymous_2)","decl":{"start":{"line":86,"column":32},"end":{"line":86,"column":33}},"loc":{"start":{"line":86,"column":52},"end":{"line":103,"column":1}},"line":86}},"branchMap":{"0":{"loc":{"start":{"line":13,"column":2},"end":{"line":25,"column":3}},"type":"if","locations":[{"start":{"line":13,"column":2},"end":{"line":25,"column":3}},{"start":{},"end":{}}],"line":13},"1":{"loc":{"start":{"line":13,"column":6},"end":{"line":13,"column":57}},"type":"binary-expr","locations":[{"start":{"line":13,"column":6},"end":{"line":13,"column":23}},{"start":{"line":13,"column":27},"end":{"line":13,"column":39}},{"start":{"line":13,"column":43},"end":{"line":13,"column":57}}],"line":13},"2":{"loc":{"start":{"line":19,"column":14},"end":{"line":19,"column":71}},"type":"cond-expr","locations":[{"start":{"line":19,"column":34},"end":{"line":19,"column":66}},{"start":{"line":19,"column":69},"end":{"line":19,"column":71}}],"line":19},"3":{"loc":{"start":{"line":20,"column":14},"end":{"line":20,"column":61}},"type":"cond-expr","locations":[{"start":{"line":20,"column":29},"end":{"line":20,"column":56}},{"start":{"line":20,"column":59},"end":{"line":20,"column":61}}],"line":20},"4":{"loc":{"start":{"line":21,"column":14},"end":{"line":21,"column":65}},"type":"cond-expr","locations":[{"start":{"line":21,"column":31},"end":{"line":21,"column":60}},{"start":{"line":21,"column":63},"end":{"line":21,"column":65}}],"line":21},"5":{"loc":{"start":{"line":28,"column":2},"end":{"line":36,"column":3}},"type":"if","locations":[{"start":{"line":28,"column":2},"end":{"line":36,"column":3}},{"start":{},"end":{}}],"line":28},"6":{"loc":{"start":{"line":39,"column":2},"end":{"line":47,"column":3}},"type":"if","locations":[{"start":{"line":39,"column":2},"end":{"line":47,"column":3}},{"start":{},"end":{}}],"line":39},"7":{"loc":{"start":{"line":49,"column":2},"end":{"line":57,"column":3}},"type":"if","locations":[{"start":{"line":49,"column":2},"end":{"line":57,"column":3}},{"start":{},"end":{}}],"line":49},"8":{"loc":{"start":{"line":91,"column":2},"end":{"line":99,"column":3}},"type":"if","locations":[{"start":{"line":91,"column":2},"end":{"line":99,"column":3}},{"start":{},"end":{}}],"line":91}},"s":{"0":3,"1":3,"2":3,"3":3,"4":3,"5":3,"6":3,"7":0,"8":0,"9":0,"10":0,"11":0,"12":0,"13":0,"14":0,"15":0,"16":0,"17":0,"18":0,"19":0,"20":0,"21":0,"22":0,"23":0,"24":0,"25":3,"26":0,"27":0,"28":0,"29":0,"30":0,"31":3},"f":{"0":0,"1":0,"2":0},"b":{"0":[0,0],"1":[0,0,0],"2":[0,0],"3":[0,0],"4":[0,0],"5":[0,0],"6":[0,0],"7":[0,0],"8":[0,0]},"_coverageSchema":"1a1c01bbd47fc00a2c39e90264f33305004495a9","hash":"39316efaeb1364580fa66885c392e9d45034cad0"}
,"/Users/midas/Documents/UNSW/SENG2021/project/SENG2021/src/services/orderAdjustmentService.js": {"path":"/Users/midas/Documents/UNSW/SENG2021/project/SENG2021/src/services/orderAdjustmentService.js","statementMap":{"0":{"start":{"line":1,"column":23},"end":{"line":1,"column":38}},"1":{"start":{"line":2,"column":24},"end":{"line":2,"column":60}},"2":{"start":{"line":3,"column":23},"end":{"line":3,"column":58}},"3":{"start":{"line":13,"column":78},"end":{"line":13,"column":82}},"4":{"start":{"line":15,"column":8},"end":{"line":17,"column":9}},"5":{"start":{"line":16,"column":12},"end":{"line":16,"column":114}},"6":{"start":{"line":20,"column":31},"end":{"line":20,"column":99}},"7":{"start":{"line":21,"column":8},"end":{"line":23,"column":9}},"8":{"start":{"line":22,"column":12},"end":{"line":22,"column":77}},"9":{"start":{"line":26,"column":8},"end":{"line":28,"column":9}},"10":{"start":{"line":27,"column":12},"end":{"line":27,"column":85}},"11":{"start":{"line":29,"column":8},"end":{"line":31,"column":9}},"12":{"start":{"line":30,"column":12},"end":{"line":30,"column":85}},"13":{"start":{"line":33,"column":8},"end":{"line":33,"column":68}},"14":{"start":{"line":36,"column":34},"end":{"line":36,"column":51}},"15":{"start":{"line":39,"column":27},"end":{"line":46,"column":10}},"16":{"start":{"line":49,"column":8},"end":{"line":49,"column":32}},"17":{"start":{"line":50,"column":8},"end":{"line":50,"column":56}},"18":{"start":{"line":51,"column":8},"end":{"line":51,"column":36}},"19":{"start":{"line":53,"column":8},"end":{"line":53,"column":26}},"20":{"start":{"line":57,"column":8},"end":{"line":59,"column":9}},"21":{"start":{"line":58,"column":12},"end":{"line":58,"column":67}},"22":{"start":{"line":61,"column":26},"end":{"line":61,"column":62}},"23":{"start":{"line":61,"column":52},"end":{"line":61,"column":60}},"24":{"start":{"line":62,"column":8},"end":{"line":66,"column":9}},"25":{"start":{"line":63,"column":12},"end":{"line":65,"column":13}},"26":{"start":{"line":64,"column":16},"end":{"line":64,"column":88}},"27":{"start":{"line":70,"column":0},"end":{"line":70,"column":40}}},"fnMap":{"0":{"name":"(anonymous_0)","decl":{"start":{"line":12,"column":4},"end":{"line":12,"column":5}},"loc":{"start":{"line":12,"column":33},"end":{"line":54,"column":5}},"line":12},"1":{"name":"(anonymous_1)","decl":{"start":{"line":56,"column":4},"end":{"line":56,"column":5}},"loc":{"start":{"line":56,"column":44},"end":{"line":67,"column":5}},"line":56},"2":{"name":"(anonymous_2)","decl":{"start":{"line":61,"column":44},"end":{"line":61,"column":45}},"loc":{"start":{"line":61,"column":52},"end":{"line":61,"column":60}},"line":61}},"branchMap":{"0":{"loc":{"start":{"line":15,"column":8},"end":{"line":17,"column":9}},"type":"if","locations":[{"start":{"line":15,"column":8},"end":{"line":17,"column":9}},{"start":{},"end":{}}],"line":15},"1":{"loc":{"start":{"line":15,"column":12},"end":{"line":15,"column":79}},"type":"binary-expr","locations":[{"start":{"line":15,"column":12},"end":{"line":15,"column":29}},{"start":{"line":15,"column":33},"end":{"line":15,"column":52}},{"start":{"line":15,"column":56},"end":{"line":15,"column":63}},{"start":{"line":15,"column":67},"end":{"line":15,"column":79}}],"line":15},"2":{"loc":{"start":{"line":21,"column":8},"end":{"line":23,"column":9}},"type":"if","locations":[{"start":{"line":21,"column":8},"end":{"line":23,"column":9}},{"start":{},"end":{}}],"line":21},"3":{"loc":{"start":{"line":26,"column":8},"end":{"line":28,"column":9}},"type":"if","locations":[{"start":{"line":26,"column":8},"end":{"line":28,"column":9}},{"start":{},"end":{}}],"line":26},"4":{"loc":{"start":{"line":29,"column":8},"end":{"line":31,"column":9}},"type":"if","locations":[{"start":{"line":29,"column":8},"end":{"line":31,"column":9}},{"start":{},"end":{}}],"line":29},"5":{"loc":{"start":{"line":57,"column":8},"end":{"line":59,"column":9}},"type":"if","locations":[{"start":{"line":57,"column":8},"end":{"line":59,"column":9}},{"start":{},"end":{}}],"line":57},"6":{"loc":{"start":{"line":57,"column":12},"end":{"line":57,"column":52}},"type":"binary-expr","locations":[{"start":{"line":57,"column":12},"end":{"line":57,"column":24}},{"start":{"line":57,"column":28},"end":{"line":57,"column":52}}],"line":57},"7":{"loc":{"start":{"line":63,"column":12},"end":{"line":65,"column":13}},"type":"if","locations":[{"start":{"line":63,"column":12},"end":{"line":65,"column":13}},{"start":{},"end":{}}],"line":63}},"s":{"0":3,"1":3,"2":3,"3":12,"4":12,"5":4,"6":8,"7":8,"8":1,"9":7,"10":1,"11":6,"12":1,"13":5,"14":3,"15":3,"16":3,"17":2,"18":2,"19":2,"20":5,"21":1,"22":4,"23":4,"24":4,"25":4,"26":1,"27":3},"f":{"0":12,"1":5,"2":4},"b":{"0":[4,8],"1":[12,11,10,9],"2":[1,7],"3":[1,6],"4":[1,5],"5":[1,4],"6":[5,5],"7":[1,3]},"_coverageSchema":"1a1c01bbd47fc00a2c39e90264f33305004495a9","hash":"953cac3b0ed22880d01fe0d41762318c6a8ebcae"}
,"/Users/midas/Documents/UNSW/SENG2021/project/SENG2021/src/utils/ublGenerator.js": {"path":"/Users/midas/Documents/UNSW/SENG2021/project/SENG2021/src/utils/ublGenerator.js","statementMap":{"0":{"start":{"line":1,"column":19},"end":{"line":1,"column":41}},"1":{"start":{"line":4,"column":33},"end":{"line":42,"column":1}},"2":{"start":{"line":5,"column":83},"end":{"line":5,"column":87}},"3":{"start":{"line":7,"column":14},"end":{"line":15,"column":61}},"4":{"start":{"line":17,"column":2},"end":{"line":19,"column":3}},"5":{"start":{"line":18,"column":4},"end":{"line":18,"column":40}},"6":{"start":{"line":22,"column":2},"end":{"line":25,"column":10}},"7":{"start":{"line":28,"column":2},"end":{"line":39,"column":5}},"8":{"start":{"line":29,"column":4},"end":{"line":38,"column":12}},"9":{"start":{"line":41,"column":2},"end":{"line":41,"column":40}},"10":{"start":{"line":44,"column":19},"end":{"line":44,"column":71}},"11":{"start":{"line":44,"column":29},"end":{"line":44,"column":71}},"12":{"start":{"line":46,"column":34},"end":{"line":107,"column":1}},"13":{"start":{"line":55,"column":6},"end":{"line":55,"column":10}},"14":{"start":{"line":57,"column":14},"end":{"line":65,"column":62}},"15":{"start":{"line":67,"column":2},"end":{"line":69,"column":3}},"16":{"start":{"line":68,"column":4},"end":{"line":68,"column":53}},"17":{"start":{"line":72,"column":2},"end":{"line":78,"column":10}},"18":{"start":{"line":81,"column":2},"end":{"line":87,"column":10}},"19":{"start":{"line":89,"column":2},"end":{"line":91,"column":3}},"20":{"start":{"line":90,"column":4},"end":{"line":90,"column":83}},"21":{"start":{"line":94,"column":2},"end":{"line":104,"column":5}},"22":{"start":{"line":95,"column":4},"end":{"line":103,"column":12}},"23":{"start":{"line":106,"column":2},"end":{"line":106,"column":40}},"24":{"start":{"line":108,"column":0},"end":{"line":108,"column":73}}},"fnMap":{"0":{"name":"(anonymous_0)","decl":{"start":{"line":4,"column":33},"end":{"line":4,"column":34}},"loc":{"start":{"line":4,"column":43},"end":{"line":42,"column":1}},"line":4},"1":{"name":"(anonymous_1)","decl":{"start":{"line":28,"column":24},"end":{"line":28,"column":25}},"loc":{"start":{"line":28,"column":41},"end":{"line":39,"column":3}},"line":28},"2":{"name":"(anonymous_2)","decl":{"start":{"line":44,"column":19},"end":{"line":44,"column":20}},"loc":{"start":{"line":44,"column":29},"end":{"line":44,"column":71}},"line":44},"3":{"name":"(anonymous_3)","decl":{"start":{"line":46,"column":34},"end":{"line":46,"column":35}},"loc":{"start":{"line":46,"column":44},"end":{"line":107,"column":1}},"line":46},"4":{"name":"(anonymous_4)","decl":{"start":{"line":94,"column":16},"end":{"line":94,"column":17}},"loc":{"start":{"line":94,"column":33},"end":{"line":104,"column":3}},"line":94}},"branchMap":{"0":{"loc":{"start":{"line":17,"column":2},"end":{"line":19,"column":3}},"type":"if","locations":[{"start":{"line":17,"column":2},"end":{"line":19,"column":3}},{"start":{},"end":{}}],"line":17},"1":{"loc":{"start":{"line":67,"column":2},"end":{"line":69,"column":3}},"type":"if","locations":[{"start":{"line":67,"column":2},"end":{"line":69,"column":3}},{"start":{},"end":{}}],"line":67},"2":{"loc":{"start":{"line":89,"column":2},"end":{"line":91,"column":3}},"type":"if","locations":[{"start":{"line":89,"column":2},"end":{"line":91,"column":3}},{"start":{},"end":{}}],"line":89},"3":{"loc":{"start":{"line":100,"column":38},"end":{"line":100,"column":60}},"type":"binary-expr","locations":[{"start":{"line":100,"column":38},"end":{"line":100,"column":54}},{"start":{"line":100,"column":58},"end":{"line":100,"column":60}}],"line":100}},"s":{"0":3,"1":3,"2":0,"3":0,"4":0,"5":0,"6":0,"7":0,"8":0,"9":0,"10":3,"11":6,"12":3,"13":3,"14":3,"15":3,"16":3,"17":3,"18":3,"19":3,"20":3,"21":3,"22":3,"23":3,"24":3},"f":{"0":0,"1":0,"2":6,"3":3,"4":3},"b":{"0":[0,0],"1":[3,0],"2":[3,0],"3":[3,0]},"_coverageSchema":"1a1c01bbd47fc00a2c39e90264f33305004495a9","hash":"6265ef10eda48945a26265ea854715bb43420b80"}
}
