{"/Users/musk/SENG2021/src/app.js": {"path":"/Users/musk/SENG2021/src/app.js","statementMap":{"0":{"start":{"line":1,"column":0},"end":{"line":1,"column":27}},"1":{"start":{"line":2,"column":16},"end":{"line":2,"column":34}},"2":{"start":{"line":3,"column":18},"end":{"line":3,"column":40}},"3":{"start":{"line":4,"column":27},"end":{"line":4,"column":55}},"4":{"start":{"line":6,"column":28},"end":{"line":6,"column":61}},"5":{"start":{"line":7,"column":29},"end":{"line":7,"column":63}},"6":{"start":{"line":8,"column":30},"end":{"line":8,"column":70}},"7":{"start":{"line":9,"column":37},"end":{"line":9,"column":79}},"8":{"start":{"line":11,"column":18},"end":{"line":11,"column":47}},"9":{"start":{"line":12,"column":13},"end":{"line":12,"column":30}},"10":{"start":{"line":14,"column":12},"end":{"line":14,"column":21}},"11":{"start":{"line":15,"column":0},"end":{"line":15,"column":24}},"12":{"start":{"line":16,"column":0},"end":{"line":16,"column":12}},"13":{"start":{"line":18,"column":0},"end":{"line":18,"column":49}},"14":{"start":{"line":19,"column":0},"end":{"line":19,"column":50}},"15":{"start":{"line":20,"column":0},"end":{"line":20,"column":67}},"16":{"start":{"line":21,"column":0},"end":{"line":21,"column":71}},"17":{"start":{"line":22,"column":0},"end":{"line":22,"column":69}},"18":{"start":{"line":23,"column":0},"end":{"line":23,"column":73}},"19":{"start":{"line":25,"column":0},"end":{"line":30,"column":3}},"20":{"start":{"line":26,"column":4},"end":{"line":29,"column":7}},"21":{"start":{"line":33,"column":24},"end":{"line":33,"column":51}},"22":{"start":{"line":34,"column":0},"end":{"line":34,"column":72}},"23":{"start":{"line":36,"column":0},"end":{"line":38,"column":3}},"24":{"start":{"line":37,"column":2},"end":{"line":37,"column":68}},"25":{"start":{"line":40,"column":0},"end":{"line":40,"column":21}}},"fnMap":{"0":{"name":"(anonymous_0)","decl":{"start":{"line":25,"column":37},"end":{"line":25,"column":38}},"loc":{"start":{"line":25,"column":51},"end":{"line":30,"column":1}},"line":25},"1":{"name":"(anonymous_1)","decl":{"start":{"line":36,"column":37},"end":{"line":36,"column":38}},"loc":{"start":{"line":36,"column":43},"end":{"line":38,"column":1}},"line":36}},"branchMap":{"0":{"loc":{"start":{"line":36,"column":11},"end":{"line":36,"column":35}},"type":"binary-expr","locations":[{"start":{"line":36,"column":11},"end":{"line":36,"column":27}},{"start":{"line":36,"column":31},"end":{"line":36,"column":35}}],"line":36},"1":{"loc":{"start":{"line":37,"column":40},"end":{"line":37,"column":64}},"type":"binary-expr","locations":[{"start":{"line":37,"column":40},"end":{"line":37,"column":56}},{"start":{"line":37,"column":60},"end":{"line":37,"column":64}}],"line":37}},"s":{"0":5,"1":5,"2":5,"3":5,"4":5,"5":5,"6":5,"7":5,"8":5,"9":5,"10":5,"11":5,"12":5,"13":5,"14":5,"15":5,"16":5,"17":5,"18":5,"19":5,"20":1,"21":5,"22":5,"23":5,"24":5,"25":5},"f":{"0":1,"1":5},"b":{"0":[5,0],"1":[5,0]},"_coverageSchema":"1a1c01bbd47fc00a2c39e90264f33305004495a9","hash":"aa5c8b03e945e362d8365fa539fd56639515ff80"}
,"/Users/musk/SENG2021/src/config/db.js": {"path":"/Users/musk/SENG2021/src/config/db.js","statementMap":{"0":{"start":{"line":1,"column":17},"end":{"line":1,"column":36}},"1":{"start":{"line":3,"column":18},"end":{"line":6,"column":1}},"2":{"start":{"line":4,"column":15},"end":{"line":4,"column":62}},"3":{"start":{"line":5,"column":2},"end":{"line":5,"column":60}},"4":{"start":{"line":8,"column":0},"end":{"line":8,"column":27}}},"fnMap":{"0":{"name":"(anonymous_0)","decl":{"start":{"line":3,"column":18},"end":{"line":3,"column":19}},"loc":{"start":{"line":3,"column":30},"end":{"line":6,"column":1}},"line":3}},"branchMap":{},"s":{"0":5,"1":5,"2":5,"3":5,"4":5},"f":{"0":5},"b":{},"_coverageSchema":"1a1c01bbd47fc00a2c39e90264f33305004495a9","hash":"717f4202532b5be6cd88cf97f8d60d175507e1c3"}
,"/Users/musk/SENG2021/src/middleware/auth.js": {"path":"/Users/musk/SENG2021/src/middleware/auth.js","statementMap":{"0":{"start":{"line":1,"column":14},"end":{"line":1,"column":40}},"1":{"start":{"line":4,"column":4},"end":{"line":44,"column":5}},"2":{"start":{"line":5,"column":27},"end":{"line":5,"column":52}},"3":{"start":{"line":6,"column":8},"end":{"line":10,"column":9}},"4":{"start":{"line":7,"column":12},"end":{"line":9,"column":15}},"5":{"start":{"line":12,"column":8},"end":{"line":16,"column":9}},"6":{"start":{"line":13,"column":12},"end":{"line":15,"column":15}},"7":{"start":{"line":18,"column":22},"end":{"line":18,"column":46}},"8":{"start":{"line":19,"column":8},"end":{"line":23,"column":9}},"9":{"start":{"line":20,"column":12},"end":{"line":22,"column":15}},"10":{"start":{"line":25,"column":22},"end":{"line":25,"column":61}},"11":{"start":{"line":26,"column":8},"end":{"line":30,"column":9}},"12":{"start":{"line":27,"column":12},"end":{"line":29,"column":15}},"13":{"start":{"line":32,"column":8},"end":{"line":36,"column":10}},"14":{"start":{"line":38,"column":8},"end":{"line":38,"column":15}},"15":{"start":{"line":40,"column":8},"end":{"line":40,"column":52}},"16":{"start":{"line":41,"column":8},"end":{"line":43,"column":11}},"17":{"start":{"line":48,"column":4},"end":{"line":62,"column":6}},"18":{"start":{"line":49,"column":8},"end":{"line":53,"column":9}},"19":{"start":{"line":50,"column":12},"end":{"line":52,"column":15}},"20":{"start":{"line":55,"column":8},"end":{"line":59,"column":9}},"21":{"start":{"line":56,"column":12},"end":{"line":58,"column":15}},"22":{"start":{"line":61,"column":8},"end":{"line":61,"column":15}},"23":{"start":{"line":65,"column":0},"end":{"line":68,"column":2}}},"fnMap":{"0":{"name":"authMiddleware","decl":{"start":{"line":3,"column":15},"end":{"line":3,"column":29}},"loc":{"start":{"line":3,"column":46},"end":{"line":45,"column":1}},"line":3},"1":{"name":"authorizeRoles","decl":{"start":{"line":47,"column":9},"end":{"line":47,"column":23}},"loc":{"start":{"line":47,"column":41},"end":{"line":63,"column":1}},"line":47},"2":{"name":"(anonymous_2)","decl":{"start":{"line":48,"column":11},"end":{"line":48,"column":12}},"loc":{"start":{"line":48,"column":31},"end":{"line":62,"column":5}},"line":48}},"branchMap":{"0":{"loc":{"start":{"line":6,"column":8},"end":{"line":10,"column":9}},"type":"if","locations":[{"start":{"line":6,"column":8},"end":{"line":10,"column":9}},{"start":{},"end":{}}],"line":6},"1":{"loc":{"start":{"line":12,"column":8},"end":{"line":16,"column":9}},"type":"if","locations":[{"start":{"line":12,"column":8},"end":{"line":16,"column":9}},{"start":{},"end":{}}],"line":12},"2":{"loc":{"start":{"line":19,"column":8},"end":{"line":23,"column":9}},"type":"if","locations":[{"start":{"line":19,"column":8},"end":{"line":23,"column":9}},{"start":{},"end":{}}],"line":19},"3":{"loc":{"start":{"line":26,"column":8},"end":{"line":30,"column":9}},"type":"if","locations":[{"start":{"line":26,"column":8},"end":{"line":30,"column":9}},{"start":{},"end":{}}],"line":26},"4":{"loc":{"start":{"line":49,"column":8},"end":{"line":53,"column":9}},"type":"if","locations":[{"start":{"line":49,"column":8},"end":{"line":53,"column":9}},{"start":{},"end":{}}],"line":49},"5":{"loc":{"start":{"line":55,"column":8},"end":{"line":59,"column":9}},"type":"if","locations":[{"start":{"line":55,"column":8},"end":{"line":59,"column":9}},{"start":{},"end":{}}],"line":55}},"s":{"0":5,"1":24,"2":24,"3":24,"4":5,"5":19,"6":1,"7":18,"8":18,"9":0,"10":18,"11":18,"12":2,"13":16,"14":16,"15":0,"16":0,"17":4,"18":4,"19":1,"20":3,"21":1,"22":2,"23":5},"f":{"0":24,"1":4,"2":4},"b":{"0":[5,19],"1":[1,18],"2":[0,18],"3":[2,16],"4":[1,3],"5":[1,2]},"_coverageSchema":"1a1c01bbd47fc00a2c39e90264f33305004495a9","hash":"6b06a475bd854c46a4be15a48f81e9522eacd101"}
,"/Users/musk/SENG2021/src/models/DespatchAdvice.js": {"path":"/Users/musk/SENG2021/src/models/DespatchAdvice.js","statementMap":{"0":{"start":{"line":1,"column":17},"end":{"line":1,"column":36}},"1":{"start":{"line":3,"column":20},"end":{"line":6,"column":18}},"2":{"start":{"line":8,"column":23},"end":{"line":13,"column":18}},"3":{"start":{"line":15,"column":29},"end":{"line":32,"column":1}},"4":{"start":{"line":34,"column":0},"end":{"line":34,"column":72}}},"fnMap":{},"branchMap":{},"s":{"0":5,"1":5,"2":5,"3":5,"4":5},"f":{},"b":{},"_coverageSchema":"1a1c01bbd47fc00a2c39e90264f33305004495a9","hash":"cffc8d01d464ba0759431fd418be94a228d293b5"}
,"/Users/musk/SENG2021/src/models/FulfilmentCancellation.js": {"path":"/Users/musk/SENG2021/src/models/FulfilmentCancellation.js","statementMap":{"0":{"start":{"line":1,"column":17},"end":{"line":1,"column":36}},"1":{"start":{"line":3,"column":37},"end":{"line":16,"column":1}},"2":{"start":{"line":18,"column":0},"end":{"line":18,"column":88}}},"fnMap":{},"branchMap":{},"s":{"0":5,"1":5,"2":5},"f":{},"b":{},"_coverageSchema":"1a1c01bbd47fc00a2c39e90264f33305004495a9","hash":"be6f65d39f6ba9742f500af14564d1d51c73281f"}
,"/Users/musk/SENG2021/src/models/OrderAdjustment.js": {"path":"/Users/musk/SENG2021/src/models/OrderAdjustment.js","statementMap":{"0":{"start":{"line":1,"column":17},"end":{"line":1,"column":36}},"1":{"start":{"line":3,"column":29},"end":{"line":10,"column":18}},"2":{"start":{"line":12,"column":30},"end":{"line":33,"column":1}},"3":{"start":{"line":20,"column":10},"end":{"line":20,"column":35}},"4":{"start":{"line":35,"column":0},"end":{"line":35,"column":63}},"5":{"start":{"line":36,"column":0},"end":{"line":36,"column":46}},"6":{"start":{"line":37,"column":0},"end":{"line":37,"column":74}}},"fnMap":{"0":{"name":"(anonymous_0)","decl":{"start":{"line":19,"column":29},"end":{"line":19,"column":30}},"loc":{"start":{"line":19,"column":41},"end":{"line":21,"column":9}},"line":19}},"branchMap":{"0":{"loc":{"start":{"line":20,"column":17},"end":{"line":20,"column":34}},"type":"binary-expr","locations":[{"start":{"line":20,"column":17},"end":{"line":20,"column":18}},{"start":{"line":20,"column":22},"end":{"line":20,"column":34}}],"line":20}},"s":{"0":5,"1":5,"2":5,"3":1,"4":5,"5":5,"6":5},"f":{"0":1},"b":{"0":[1,1]},"_coverageSchema":"1a1c01bbd47fc00a2c39e90264f33305004495a9","hash":"0ad71c28c722cb92c8116351da790b5d829088b5"}
,"/Users/musk/SENG2021/src/models/Party.js": {"path":"/Users/musk/SENG2021/src/models/Party.js","statementMap":{"0":{"start":{"line":1,"column":17},"end":{"line":1,"column":36}},"1":{"start":{"line":3,"column":20},"end":{"line":15,"column":1}},"2":{"start":{"line":17,"column":0},"end":{"line":17,"column":54}}},"fnMap":{},"branchMap":{},"s":{"0":5,"1":5,"2":5},"f":{},"b":{},"_coverageSchema":"1a1c01bbd47fc00a2c39e90264f33305004495a9","hash":"4c0b05d744184daf564d0b80e184e4750b5c363f"}
,"/Users/musk/SENG2021/src/models/ReceiptAdvice.js": {"path":"/Users/musk/SENG2021/src/models/ReceiptAdvice.js","statementMap":{"0":{"start":{"line":1,"column":17},"end":{"line":1,"column":36}},"1":{"start":{"line":3,"column":27},"end":{"line":7,"column":18}},"2":{"start":{"line":9,"column":28},"end":{"line":19,"column":1}},"3":{"start":{"line":21,"column":0},"end":{"line":21,"column":70}}},"fnMap":{},"branchMap":{},"s":{"0":5,"1":5,"2":5,"3":5},"f":{},"b":{},"_coverageSchema":"1a1c01bbd47fc00a2c39e90264f33305004495a9","hash":"7550591b88d66500c48f16098930b4c977225bc3"}
,"/Users/musk/SENG2021/src/models/Supply.js": {"path":"/Users/musk/SENG2021/src/models/Supply.js","statementMap":{"0":{"start":{"line":1,"column":17},"end":{"line":1,"column":36}},"1":{"start":{"line":3,"column":21},"end":{"line":19,"column":1}},"2":{"start":{"line":21,"column":0},"end":{"line":21,"column":69}},"3":{"start":{"line":23,"column":0},"end":{"line":23,"column":56}}},"fnMap":{},"branchMap":{},"s":{"0":5,"1":5,"2":5,"3":5},"f":{},"b":{},"_coverageSchema":"1a1c01bbd47fc00a2c39e90264f33305004495a9","hash":"aa13c8704519e5aa743222c8746fe2d1859a7f90"}
,"/Users/musk/SENG2021/src/routes/despatchAdvice.js": {"path":"/Users/musk/SENG2021/src/routes/despatchAdvice.js","statementMap":{"0":{"start":{"line":1,"column":16},"end":{"line":1,"column":34}},"1":{"start":{"line":2,"column":23},"end":{"line":2,"column":38}},"2":{"start":{"line":3,"column":15},"end":{"line":3,"column":31}},"3":{"start":{"line":4,"column":23},"end":{"line":4,"column":58}},"4":{"start":{"line":5,"column":38},"end":{"line":5,"column":70}},"5":{"start":{"line":8,"column":0},"end":{"line":66,"column":3}},"6":{"start":{"line":9,"column":99},"end":{"line":9,"column":107}},"7":{"start":{"line":11,"column":2},"end":{"line":24,"column":3}},"8":{"start":{"line":12,"column":4},"end":{"line":23,"column":7}},"9":{"start":{"line":27,"column":22},"end":{"line":27,"column":61}},"10":{"start":{"line":27,"column":43},"end":{"line":27,"column":60}},"11":{"start":{"line":28,"column":2},"end":{"line":36,"column":3}},"12":{"start":{"line":29,"column":4},"end":{"line":35,"column":7}},"13":{"start":{"line":38,"column":27},"end":{"line":38,"column":43}},"14":{"start":{"line":40,"column":22},"end":{"line":48,"column":4}},"15":{"start":{"line":50,"column":25},"end":{"line":60,"column":4}},"16":{"start":{"line":62,"column":2},"end":{"line":62,"column":30}},"17":{"start":{"line":64,"column":2},"end":{"line":64,"column":45}},"18":{"start":{"line":65,"column":2},"end":{"line":65,"column":43}},"19":{"start":{"line":69,"column":0},"end":{"line":84,"column":3}},"20":{"start":{"line":70,"column":25},"end":{"line":70,"column":104}},"21":{"start":{"line":72,"column":2},"end":{"line":80,"column":3}},"22":{"start":{"line":73,"column":4},"end":{"line":79,"column":7}},"23":{"start":{"line":82,"column":2},"end":{"line":82,"column":45}},"24":{"start":{"line":83,"column":2},"end":{"line":83,"column":58}},"25":{"start":{"line":86,"column":0},"end":{"line":86,"column":24}}},"fnMap":{"0":{"name":"(anonymous_0)","decl":{"start":{"line":8,"column":17},"end":{"line":8,"column":18}},"loc":{"start":{"line":8,"column":37},"end":{"line":66,"column":1}},"line":8},"1":{"name":"(anonymous_1)","decl":{"start":{"line":27,"column":33},"end":{"line":27,"column":34}},"loc":{"start":{"line":27,"column":43},"end":{"line":27,"column":60}},"line":27},"2":{"name":"(anonymous_2)","decl":{"start":{"line":69,"column":33},"end":{"line":69,"column":34}},"loc":{"start":{"line":69,"column":53},"end":{"line":84,"column":1}},"line":69}},"branchMap":{"0":{"loc":{"start":{"line":11,"column":2},"end":{"line":24,"column":3}},"type":"if","locations":[{"start":{"line":11,"column":2},"end":{"line":24,"column":3}},{"start":{},"end":{}}],"line":11},"1":{"loc":{"start":{"line":11,"column":6},"end":{"line":11,"column":112}},"type":"binary-expr","locations":[{"start":{"line":11,"column":6},"end":{"line":11,"column":20}},{"start":{"line":11,"column":24},"end":{"line":11,"column":38}},{"start":{"line":11,"column":42},"end":{"line":11,"column":55}},{"start":{"line":11,"column":59},"end":{"line":11,"column":65}},{"start":{"line":11,"column":69},"end":{"line":11,"column":90}},{"start":{"line":11,"column":94},"end":{"line":11,"column":112}}],"line":11},"2":{"loc":{"start":{"line":17,"column":14},"end":{"line":17,"column":65}},"type":"cond-expr","locations":[{"start":{"line":17,"column":31},"end":{"line":17,"column":60}},{"start":{"line":17,"column":63},"end":{"line":17,"column":65}}],"line":17},"3":{"loc":{"start":{"line":18,"column":14},"end":{"line":18,"column":65}},"type":"cond-expr","locations":[{"start":{"line":18,"column":31},"end":{"line":18,"column":60}},{"start":{"line":18,"column":63},"end":{"line":18,"column":65}}],"line":18},"4":{"loc":{"start":{"line":19,"column":14},"end":{"line":19,"column":63}},"type":"cond-expr","locations":[{"start":{"line":19,"column":30},"end":{"line":19,"column":58}},{"start":{"line":19,"column":61},"end":{"line":19,"column":63}}],"line":19},"5":{"loc":{"start":{"line":20,"column":15},"end":{"line":20,"column":111}},"type":"cond-expr","locations":[{"start":{"line":20,"column":71},"end":{"line":20,"column":106}},{"start":{"line":20,"column":109},"end":{"line":20,"column":111}}],"line":20},"6":{"loc":{"start":{"line":20,"column":15},"end":{"line":20,"column":68}},"type":"binary-expr","locations":[{"start":{"line":20,"column":15},"end":{"line":20,"column":21}},{"start":{"line":20,"column":25},"end":{"line":20,"column":46}},{"start":{"line":20,"column":50},"end":{"line":20,"column":68}}],"line":20},"7":{"loc":{"start":{"line":28,"column":2},"end":{"line":36,"column":3}},"type":"if","locations":[{"start":{"line":28,"column":2},"end":{"line":36,"column":3}},{"start":{},"end":{}}],"line":28},"8":{"loc":{"start":{"line":72,"column":2},"end":{"line":80,"column":3}},"type":"if","locations":[{"start":{"line":72,"column":2},"end":{"line":80,"column":3}},{"start":{},"end":{}}],"line":72}},"s":{"0":5,"1":5,"2":5,"3":5,"4":5,"5":5,"6":9,"7":9,"8":4,"9":5,"10":5,"11":5,"12":1,"13":4,"14":4,"15":4,"16":4,"17":4,"18":4,"19":5,"20":2,"21":2,"22":1,"23":1,"24":1,"25":5},"f":{"0":9,"1":5,"2":2},"b":{"0":[4,5],"1":[9,8,7,6,5,5],"2":[1,3],"3":[1,3],"4":[1,3],"5":[1,3],"6":[4,3,3],"7":[1,4],"8":[1,1]},"_coverageSchema":"1a1c01bbd47fc00a2c39e90264f33305004495a9","hash":"e67cf8e29bd2b5fe1664e0fea15a60b5819306bc"}
,"/Users/musk/SENG2021/src/routes/fulfilmentCancellation.js": {"path":"/Users/musk/SENG2021/src/routes/fulfilmentCancellation.js","statementMap":{"0":{"start":{"line":1,"column":16},"end":{"line":1,"column":34}},"1":{"start":{"line":2,"column":15},"end":{"line":2,"column":31}},"2":{"start":{"line":3,"column":31},"end":{"line":3,"column":74}},"3":{"start":{"line":4,"column":23},"end":{"line":4,"column":58}},"4":{"start":{"line":5,"column":15},"end":{"line":5,"column":42}},"5":{"start":{"line":6,"column":23},"end":{"line":6,"column":38}},"6":{"start":{"line":10,"column":0},"end":{"line":82,"column":3}},"7":{"start":{"line":11,"column":2},"end":{"line":81,"column":3}},"8":{"start":{"line":16,"column":8},"end":{"line":16,"column":16}},"9":{"start":{"line":18,"column":37},"end":{"line":18,"column":53}},"10":{"start":{"line":21,"column":25},"end":{"line":26,"column":6}},"11":{"start":{"line":27,"column":4},"end":{"line":27,"column":34}},"12":{"start":{"line":29,"column":25},"end":{"line":29,"column":75}},"13":{"start":{"line":31,"column":4},"end":{"line":35,"column":5}},"14":{"start":{"line":32,"column":6},"end":{"line":34,"column":9}},"15":{"start":{"line":37,"column":30},"end":{"line":37,"column":55}},"16":{"start":{"line":39,"column":4},"end":{"line":62,"column":5}},"17":{"start":{"line":40,"column":21},"end":{"line":40,"column":71}},"18":{"start":{"line":43,"column":6},"end":{"line":43,"column":34}},"19":{"start":{"line":44,"column":6},"end":{"line":44,"column":26}},"20":{"start":{"line":47,"column":6},"end":{"line":61,"column":7}},"21":{"start":{"line":48,"column":8},"end":{"line":60,"column":10}},"22":{"start":{"line":63,"column":4},"end":{"line":63,"column":51}},"23":{"start":{"line":67,"column":4},"end":{"line":71,"column":5}},"24":{"start":{"line":68,"column":6},"end":{"line":70,"column":9}},"25":{"start":{"line":73,"column":4},"end":{"line":77,"column":5}},"26":{"start":{"line":74,"column":6},"end":{"line":76,"column":9}},"27":{"start":{"line":80,"column":4},"end":{"line":80,"column":70}},"28":{"start":{"line":85,"column":0},"end":{"line":100,"column":3}},"29":{"start":{"line":86,"column":2},"end":{"line":99,"column":3}},"30":{"start":{"line":87,"column":25},"end":{"line":89,"column":6}},"31":{"start":{"line":92,"column":4},"end":{"line":94,"column":5}},"32":{"start":{"line":93,"column":6},"end":{"line":93,"column":73}},"33":{"start":{"line":96,"column":4},"end":{"line":96,"column":46}},"34":{"start":{"line":98,"column":4},"end":{"line":98,"column":60}},"35":{"start":{"line":103,"column":0},"end":{"line":120,"column":3}},"36":{"start":{"line":104,"column":2},"end":{"line":119,"column":3}},"37":{"start":{"line":105,"column":24},"end":{"line":107,"column":6}},"38":{"start":{"line":109,"column":4},"end":{"line":111,"column":5}},"39":{"start":{"line":110,"column":6},"end":{"line":110,"column":80}},"40":{"start":{"line":113,"column":4},"end":{"line":116,"column":7}},"41":{"start":{"line":118,"column":4},"end":{"line":118,"column":60}},"42":{"start":{"line":122,"column":0},"end":{"line":122,"column":24}}},"fnMap":{"0":{"name":"(anonymous_0)","decl":{"start":{"line":10,"column":17},"end":{"line":10,"column":18}},"loc":{"start":{"line":10,"column":37},"end":{"line":82,"column":1}},"line":10},"1":{"name":"(anonymous_1)","decl":{"start":{"line":85,"column":19},"end":{"line":85,"column":20}},"loc":{"start":{"line":85,"column":39},"end":{"line":100,"column":1}},"line":85},"2":{"name":"(anonymous_2)","decl":{"start":{"line":103,"column":22},"end":{"line":103,"column":23}},"loc":{"start":{"line":103,"column":42},"end":{"line":120,"column":1}},"line":103}},"branchMap":{"0":{"loc":{"start":{"line":31,"column":4},"end":{"line":35,"column":5}},"type":"if","locations":[{"start":{"line":31,"column":4},"end":{"line":35,"column":5}},{"start":{},"end":{}}],"line":31},"1":{"loc":{"start":{"line":39,"column":4},"end":{"line":62,"column":5}},"type":"if","locations":[{"start":{"line":39,"column":4},"end":{"line":62,"column":5}},{"start":{},"end":{}}],"line":39},"2":{"loc":{"start":{"line":67,"column":4},"end":{"line":71,"column":5}},"type":"if","locations":[{"start":{"line":67,"column":4},"end":{"line":71,"column":5}},{"start":{},"end":{}}],"line":67},"3":{"loc":{"start":{"line":73,"column":4},"end":{"line":77,"column":5}},"type":"if","locations":[{"start":{"line":73,"column":4},"end":{"line":77,"column":5}},{"start":{},"end":{}}],"line":73},"4":{"loc":{"start":{"line":92,"column":4},"end":{"line":94,"column":5}},"type":"if","locations":[{"start":{"line":92,"column":4},"end":{"line":94,"column":5}},{"start":{},"end":{}}],"line":92},"5":{"loc":{"start":{"line":109,"column":4},"end":{"line":111,"column":5}},"type":"if","locations":[{"start":{"line":109,"column":4},"end":{"line":111,"column":5}},{"start":{},"end":{}}],"line":109}},"s":{"0":5,"1":5,"2":5,"3":5,"4":5,"5":5,"6":5,"7":9,"8":9,"9":9,"10":9,"11":9,"12":6,"13":6,"14":1,"15":5,"16":5,"17":5,"18":5,"19":5,"20":5,"21":5,"22":5,"23":3,"24":3,"25":0,"26":0,"27":0,"28":5,"29":2,"30":2,"31":2,"32":1,"33":1,"34":0,"35":5,"36":2,"37":2,"38":2,"39":1,"40":1,"41":0,"42":5},"f":{"0":9,"1":2,"2":2},"b":{"0":[1,5],"1":[5,0],"2":[3,0],"3":[0,0],"4":[1,1],"5":[1,1]},"_coverageSchema":"1a1c01bbd47fc00a2c39e90264f33305004495a9","hash":"56bd4a78291963aedfb166e0824161964db7f4f2"}
,"/Users/musk/SENG2021/src/routes/orderAdjustmentRoute.js": {"path":"/Users/musk/SENG2021/src/routes/orderAdjustmentRoute.js","statementMap":{"0":{"start":{"line":1,"column":16},"end":{"line":1,"column":34}},"1":{"start":{"line":2,"column":15},"end":{"line":2,"column":31}},"2":{"start":{"line":3,"column":24},"end":{"line":3,"column":60}},"3":{"start":{"line":4,"column":31},"end":{"line":4,"column":76}},"4":{"start":{"line":6,"column":16},"end":{"line":6,"column":44}},"5":{"start":{"line":10,"column":0},"end":{"line":21,"column":3}},"6":{"start":{"line":11,"column":4},"end":{"line":13,"column":5}},"7":{"start":{"line":12,"column":8},"end":{"line":12,"column":101}},"8":{"start":{"line":15,"column":4},"end":{"line":20,"column":5}},"9":{"start":{"line":16,"column":27},"end":{"line":16,"column":67}},"10":{"start":{"line":17,"column":8},"end":{"line":17,"column":48}},"11":{"start":{"line":19,"column":8},"end":{"line":19,"column":78}},"12":{"start":{"line":25,"column":0},"end":{"line":36,"column":3}},"13":{"start":{"line":26,"column":4},"end":{"line":35,"column":5}},"14":{"start":{"line":27,"column":27},"end":{"line":27,"column":94}},"15":{"start":{"line":28,"column":8},"end":{"line":30,"column":9}},"16":{"start":{"line":29,"column":12},"end":{"line":29,"column":98}},"17":{"start":{"line":32,"column":8},"end":{"line":32,"column":48}},"18":{"start":{"line":34,"column":8},"end":{"line":34,"column":59}},"19":{"start":{"line":38,"column":0},"end":{"line":38,"column":24}}},"fnMap":{"0":{"name":"(anonymous_0)","decl":{"start":{"line":10,"column":17},"end":{"line":10,"column":18}},"loc":{"start":{"line":10,"column":37},"end":{"line":21,"column":1}},"line":10},"1":{"name":"(anonymous_1)","decl":{"start":{"line":25,"column":19},"end":{"line":25,"column":20}},"loc":{"start":{"line":25,"column":38},"end":{"line":36,"column":1}},"line":25}},"branchMap":{"0":{"loc":{"start":{"line":11,"column":4},"end":{"line":13,"column":5}},"type":"if","locations":[{"start":{"line":11,"column":4},"end":{"line":13,"column":5}},{"start":{},"end":{}}],"line":11},"1":{"loc":{"start":{"line":19,"column":26},"end":{"line":19,"column":47}},"type":"binary-expr","locations":[{"start":{"line":19,"column":26},"end":{"line":19,"column":40}},{"start":{"line":19,"column":44},"end":{"line":19,"column":47}}],"line":19},"2":{"loc":{"start":{"line":28,"column":8},"end":{"line":30,"column":9}},"type":"if","locations":[{"start":{"line":28,"column":8},"end":{"line":30,"column":9}},{"start":{},"end":{}}],"line":28}},"s":{"0":5,"1":5,"2":5,"3":5,"4":5,"5":5,"6":12,"7":12,"8":0,"9":0,"10":0,"11":0,"12":5,"13":2,"14":2,"15":2,"16":2,"17":0,"18":0,"19":5},"f":{"0":12,"1":2},"b":{"0":[12,0],"1":[0,0],"2":[2,0]},"_coverageSchema":"1a1c01bbd47fc00a2c39e90264f33305004495a9","hash":"df5ca5fbf6d2ebbb0f42ffcab63c7e6b0ea86531"}
,"/Users/musk/SENG2021/src/routes/receiptAdvice.js": {"path":"/Users/musk/SENG2021/src/routes/receiptAdvice.js","statementMap":{"0":{"start":{"line":1,"column":16},"end":{"line":1,"column":34}},"1":{"start":{"line":2,"column":23},"end":{"line":2,"column":38}},"2":{"start":{"line":3,"column":15},"end":{"line":3,"column":31}},"3":{"start":{"line":4,"column":22},"end":{"line":4,"column":56}},"4":{"start":{"line":5,"column":23},"end":{"line":5,"column":58}},"5":{"start":{"line":6,"column":24},"end":{"line":6,"column":60}},"6":{"start":{"line":7,"column":37},"end":{"line":7,"column":69}},"7":{"start":{"line":11,"column":0},"end":{"line":125,"column":3}},"8":{"start":{"line":12,"column":2},"end":{"line":124,"column":3}},"9":{"start":{"line":13,"column":66},"end":{"line":13,"column":74}},"10":{"start":{"line":15,"column":2},"end":{"line":27,"column":3}},"11":{"start":{"line":16,"column":4},"end":{"line":26,"column":7}},"12":{"start":{"line":29,"column":22},"end":{"line":29,"column":77}},"13":{"start":{"line":29,"column":51},"end":{"line":29,"column":76}},"14":{"start":{"line":30,"column":2},"end":{"line":38,"column":3}},"15":{"start":{"line":31,"column":4},"end":{"line":37,"column":7}},"16":{"start":{"line":40,"column":25},"end":{"line":40,"column":75}},"17":{"start":{"line":41,"column":2},"end":{"line":49,"column":3}},"18":{"start":{"line":42,"column":4},"end":{"line":48,"column":7}},"19":{"start":{"line":51,"column":2},"end":{"line":64,"column":3}},"20":{"start":{"line":52,"column":21},"end":{"line":56,"column":5}},"21":{"start":{"line":57,"column":4},"end":{"line":63,"column":7}},"22":{"start":{"line":66,"column":26},"end":{"line":66,"column":42}},"23":{"start":{"line":68,"column":22},"end":{"line":74,"column":4}},"24":{"start":{"line":76,"column":24},"end":{"line":83,"column":4}},"25":{"start":{"line":85,"column":2},"end":{"line":85,"column":29}},"26":{"start":{"line":88,"column":24},"end":{"line":88,"column":26}},"27":{"start":{"line":89,"column":2},"end":{"line":91,"column":3}},"28":{"start":{"line":90,"column":4},"end":{"line":90,"column":44}},"29":{"start":{"line":93,"column":24},"end":{"line":95,"column":3}},"30":{"start":{"line":94,"column":14},"end":{"line":94,"column":104}},"31":{"start":{"line":97,"column":2},"end":{"line":113,"column":3}},"32":{"start":{"line":98,"column":23},"end":{"line":109,"column":6}},"33":{"start":{"line":103,"column":48},"end":{"line":108,"column":7}},"34":{"start":{"line":111,"column":4},"end":{"line":111,"column":28}},"35":{"start":{"line":112,"column":4},"end":{"line":112,"column":52}},"36":{"start":{"line":115,"column":2},"end":{"line":115,"column":38}},"37":{"start":{"line":116,"column":2},"end":{"line":116,"column":30}},"38":{"start":{"line":118,"column":2},"end":{"line":118,"column":45}},"39":{"start":{"line":119,"column":2},"end":{"line":119,"column":43}},"40":{"start":{"line":121,"column":4},"end":{"line":123,"column":7}},"41":{"start":{"line":129,"column":0},"end":{"line":146,"column":3}},"42":{"start":{"line":130,"column":24},"end":{"line":132,"column":4}},"43":{"start":{"line":134,"column":2},"end":{"line":142,"column":3}},"44":{"start":{"line":135,"column":4},"end":{"line":141,"column":7}},"45":{"start":{"line":144,"column":2},"end":{"line":144,"column":45}},"46":{"start":{"line":145,"column":2},"end":{"line":145,"column":57}},"47":{"start":{"line":148,"column":0},"end":{"line":148,"column":24}}},"fnMap":{"0":{"name":"(anonymous_0)","decl":{"start":{"line":11,"column":17},"end":{"line":11,"column":18}},"loc":{"start":{"line":11,"column":37},"end":{"line":125,"column":1}},"line":11},"1":{"name":"(anonymous_1)","decl":{"start":{"line":29,"column":41},"end":{"line":29,"column":42}},"loc":{"start":{"line":29,"column":51},"end":{"line":29,"column":76}},"line":29},"2":{"name":"(anonymous_2)","decl":{"start":{"line":94,"column":4},"end":{"line":94,"column":5}},"loc":{"start":{"line":94,"column":14},"end":{"line":94,"column":104}},"line":94},"3":{"name":"(anonymous_3)","decl":{"start":{"line":103,"column":37},"end":{"line":103,"column":38}},"loc":{"start":{"line":103,"column":48},"end":{"line":108,"column":7}},"line":103},"4":{"name":"(anonymous_4)","decl":{"start":{"line":129,"column":32},"end":{"line":129,"column":33}},"loc":{"start":{"line":129,"column":52},"end":{"line":146,"column":1}},"line":129}},"branchMap":{"0":{"loc":{"start":{"line":15,"column":2},"end":{"line":27,"column":3}},"type":"if","locations":[{"start":{"line":15,"column":2},"end":{"line":27,"column":3}},{"start":{},"end":{}}],"line":15},"1":{"loc":{"start":{"line":15,"column":6},"end":{"line":15,"column":57}},"type":"binary-expr","locations":[{"start":{"line":15,"column":6},"end":{"line":15,"column":23}},{"start":{"line":15,"column":27},"end":{"line":15,"column":39}},{"start":{"line":15,"column":43},"end":{"line":15,"column":57}}],"line":15},"2":{"loc":{"start":{"line":21,"column":14},"end":{"line":21,"column":71}},"type":"cond-expr","locations":[{"start":{"line":21,"column":34},"end":{"line":21,"column":66}},{"start":{"line":21,"column":69},"end":{"line":21,"column":71}}],"line":21},"3":{"loc":{"start":{"line":22,"column":14},"end":{"line":22,"column":61}},"type":"cond-expr","locations":[{"start":{"line":22,"column":29},"end":{"line":22,"column":56}},{"start":{"line":22,"column":59},"end":{"line":22,"column":61}}],"line":22},"4":{"loc":{"start":{"line":23,"column":14},"end":{"line":23,"column":65}},"type":"cond-expr","locations":[{"start":{"line":23,"column":31},"end":{"line":23,"column":60}},{"start":{"line":23,"column":63},"end":{"line":23,"column":65}}],"line":23},"5":{"loc":{"start":{"line":30,"column":2},"end":{"line":38,"column":3}},"type":"if","locations":[{"start":{"line":30,"column":2},"end":{"line":38,"column":3}},{"start":{},"end":{}}],"line":30},"6":{"loc":{"start":{"line":41,"column":2},"end":{"line":49,"column":3}},"type":"if","locations":[{"start":{"line":41,"column":2},"end":{"line":49,"column":3}},{"start":{},"end":{}}],"line":41},"7":{"loc":{"start":{"line":51,"column":2},"end":{"line":64,"column":3}},"type":"if","locations":[{"start":{"line":51,"column":2},"end":{"line":64,"column":3}},{"start":{},"end":{}}],"line":51},"8":{"loc":{"start":{"line":61,"column":18},"end":{"line":61,"column":99}},"type":"binary-expr","locations":[{"start":{"line":61,"column":18},"end":{"line":61,"column":49}},{"start":{"line":61,"column":53},"end":{"line":61,"column":99}}],"line":61},"9":{"loc":{"start":{"line":94,"column":14},"end":{"line":94,"column":104}},"type":"binary-expr","locations":[{"start":{"line":94,"column":14},"end":{"line":94,"column":51}},{"start":{"line":94,"column":55},"end":{"line":94,"column":104}}],"line":94},"10":{"loc":{"start":{"line":97,"column":2},"end":{"line":113,"column":3}},"type":"if","locations":[{"start":{"line":97,"column":2},"end":{"line":113,"column":3}},{"start":{},"end":{}}],"line":97},"11":{"loc":{"start":{"line":134,"column":2},"end":{"line":142,"column":3}},"type":"if","locations":[{"start":{"line":134,"column":2},"end":{"line":142,"column":3}},{"start":{},"end":{}}],"line":134}},"s":{"0":5,"1":5,"2":5,"3":5,"4":5,"5":5,"6":5,"7":5,"8":14,"9":14,"10":14,"11":3,"12":11,"13":21,"14":11,"15":1,"16":10,"17":10,"18":1,"19":9,"20":3,"21":3,"22":6,"23":6,"24":6,"25":6,"26":6,"27":6,"28":12,"29":6,"30":12,"31":6,"32":1,"33":1,"34":1,"35":1,"36":6,"37":6,"38":6,"39":6,"40":0,"41":5,"42":2,"43":2,"44":1,"45":1,"46":1,"47":5},"f":{"0":14,"1":21,"2":12,"3":1,"4":2},"b":{"0":[3,11],"1":[14,13,12],"2":[1,2],"3":[1,2],"4":[1,2],"5":[1,10],"6":[1,9],"7":[3,6],"8":[3,0],"9":[12,12],"10":[1,5],"11":[1,1]},"_coverageSchema":"1a1c01bbd47fc00a2c39e90264f33305004495a9","hash":"8a145dbda6ffd8b2c0093915f3b023de689e4da0"}
,"/Users/musk/SENG2021/src/services/orderAdjustmentService.js": {"path":"/Users/musk/SENG2021/src/services/orderAdjustmentService.js","statementMap":{"0":{"start":{"line":1,"column":23},"end":{"line":1,"column":38}},"1":{"start":{"line":2,"column":24},"end":{"line":2,"column":60}},"2":{"start":{"line":3,"column":23},"end":{"line":3,"column":58}},"3":{"start":{"line":13,"column":78},"end":{"line":13,"column":82}},"4":{"start":{"line":15,"column":8},"end":{"line":19,"column":9}},"5":{"start":{"line":16,"column":24},"end":{"line":16,"column":119}},"6":{"start":{"line":17,"column":12},"end":{"line":17,"column":33}},"7":{"start":{"line":18,"column":12},"end":{"line":18,"column":22}},"8":{"start":{"line":22,"column":31},"end":{"line":22,"column":99}},"9":{"start":{"line":23,"column":8},"end":{"line":27,"column":9}},"10":{"start":{"line":24,"column":24},"end":{"line":24,"column":82}},"11":{"start":{"line":25,"column":12},"end":{"line":25,"column":33}},"12":{"start":{"line":26,"column":12},"end":{"line":26,"column":22}},"13":{"start":{"line":30,"column":8},"end":{"line":34,"column":9}},"14":{"start":{"line":31,"column":24},"end":{"line":31,"column":90}},"15":{"start":{"line":32,"column":12},"end":{"line":32,"column":33}},"16":{"start":{"line":33,"column":12},"end":{"line":33,"column":22}},"17":{"start":{"line":35,"column":8},"end":{"line":39,"column":9}},"18":{"start":{"line":36,"column":24},"end":{"line":36,"column":90}},"19":{"start":{"line":37,"column":12},"end":{"line":37,"column":33}},"20":{"start":{"line":38,"column":12},"end":{"line":38,"column":22}},"21":{"start":{"line":41,"column":8},"end":{"line":41,"column":68}},"22":{"start":{"line":44,"column":34},"end":{"line":44,"column":51}},"23":{"start":{"line":47,"column":27},"end":{"line":54,"column":10}},"24":{"start":{"line":57,"column":8},"end":{"line":57,"column":32}},"25":{"start":{"line":58,"column":8},"end":{"line":58,"column":56}},"26":{"start":{"line":59,"column":8},"end":{"line":59,"column":36}},"27":{"start":{"line":61,"column":8},"end":{"line":61,"column":26}},"28":{"start":{"line":65,"column":8},"end":{"line":67,"column":9}},"29":{"start":{"line":66,"column":12},"end":{"line":66,"column":67}},"30":{"start":{"line":69,"column":26},"end":{"line":69,"column":62}},"31":{"start":{"line":69,"column":52},"end":{"line":69,"column":60}},"32":{"start":{"line":70,"column":8},"end":{"line":74,"column":9}},"33":{"start":{"line":71,"column":12},"end":{"line":73,"column":13}},"34":{"start":{"line":72,"column":16},"end":{"line":72,"column":88}},"35":{"start":{"line":78,"column":0},"end":{"line":78,"column":40}}},"fnMap":{"0":{"name":"(anonymous_0)","decl":{"start":{"line":12,"column":4},"end":{"line":12,"column":5}},"loc":{"start":{"line":12,"column":33},"end":{"line":62,"column":5}},"line":12},"1":{"name":"(anonymous_1)","decl":{"start":{"line":64,"column":4},"end":{"line":64,"column":5}},"loc":{"start":{"line":64,"column":44},"end":{"line":75,"column":5}},"line":64},"2":{"name":"(anonymous_2)","decl":{"start":{"line":69,"column":44},"end":{"line":69,"column":45}},"loc":{"start":{"line":69,"column":52},"end":{"line":69,"column":60}},"line":69}},"branchMap":{"0":{"loc":{"start":{"line":15,"column":8},"end":{"line":19,"column":9}},"type":"if","locations":[{"start":{"line":15,"column":8},"end":{"line":19,"column":9}},{"start":{},"end":{}}],"line":15},"1":{"loc":{"start":{"line":15,"column":12},"end":{"line":15,"column":79}},"type":"binary-expr","locations":[{"start":{"line":15,"column":12},"end":{"line":15,"column":29}},{"start":{"line":15,"column":33},"end":{"line":15,"column":52}},{"start":{"line":15,"column":56},"end":{"line":15,"column":63}},{"start":{"line":15,"column":67},"end":{"line":15,"column":79}}],"line":15},"2":{"loc":{"start":{"line":23,"column":8},"end":{"line":27,"column":9}},"type":"if","locations":[{"start":{"line":23,"column":8},"end":{"line":27,"column":9}},{"start":{},"end":{}}],"line":23},"3":{"loc":{"start":{"line":30,"column":8},"end":{"line":34,"column":9}},"type":"if","locations":[{"start":{"line":30,"column":8},"end":{"line":34,"column":9}},{"start":{},"end":{}}],"line":30},"4":{"loc":{"start":{"line":35,"column":8},"end":{"line":39,"column":9}},"type":"if","locations":[{"start":{"line":35,"column":8},"end":{"line":39,"column":9}},{"start":{},"end":{}}],"line":35},"5":{"loc":{"start":{"line":65,"column":8},"end":{"line":67,"column":9}},"type":"if","locations":[{"start":{"line":65,"column":8},"end":{"line":67,"column":9}},{"start":{},"end":{}}],"line":65},"6":{"loc":{"start":{"line":65,"column":12},"end":{"line":65,"column":52}},"type":"binary-expr","locations":[{"start":{"line":65,"column":12},"end":{"line":65,"column":24}},{"start":{"line":65,"column":28},"end":{"line":65,"column":52}}],"line":65},"7":{"loc":{"start":{"line":71,"column":12},"end":{"line":73,"column":13}},"type":"if","locations":[{"start":{"line":71,"column":12},"end":{"line":73,"column":13}},{"start":{},"end":{}}],"line":71}},"s":{"0":5,"1":5,"2":5,"3":0,"4":0,"5":0,"6":0,"7":0,"8":0,"9":0,"10":0,"11":0,"12":0,"13":0,"14":0,"15":0,"16":0,"17":0,"18":0,"19":0,"20":0,"21":0,"22":0,"23":0,"24":0,"25":0,"26":0,"27":0,"28":0,"29":0,"30":0,"31":0,"32":0,"33":0,"34":0,"35":5},"f":{"0":0,"1":0,"2":0},"b":{"0":[0,0],"1":[0,0,0,0],"2":[0,0],"3":[0,0],"4":[0,0],"5":[0,0],"6":[0,0],"7":[0,0]},"_coverageSchema":"1a1c01bbd47fc00a2c39e90264f33305004495a9","hash":"fe1898ad53c2458c44f01e0f0ff2027baa936f70"}
,"/Users/musk/SENG2021/src/utils/ublGenerator.js": {"path":"/Users/musk/SENG2021/src/utils/ublGenerator.js","statementMap":{"0":{"start":{"line":1,"column":19},"end":{"line":1,"column":41}},"1":{"start":{"line":4,"column":33},"end":{"line":42,"column":1}},"2":{"start":{"line":5,"column":83},"end":{"line":5,"column":87}},"3":{"start":{"line":7,"column":14},"end":{"line":15,"column":61}},"4":{"start":{"line":17,"column":2},"end":{"line":19,"column":3}},"5":{"start":{"line":18,"column":4},"end":{"line":18,"column":40}},"6":{"start":{"line":22,"column":2},"end":{"line":25,"column":10}},"7":{"start":{"line":28,"column":2},"end":{"line":39,"column":5}},"8":{"start":{"line":29,"column":4},"end":{"line":38,"column":12}},"9":{"start":{"line":41,"column":2},"end":{"line":41,"column":40}},"10":{"start":{"line":44,"column":19},"end":{"line":44,"column":71}},"11":{"start":{"line":44,"column":29},"end":{"line":44,"column":71}},"12":{"start":{"line":46,"column":34},"end":{"line":107,"column":1}},"13":{"start":{"line":55,"column":6},"end":{"line":55,"column":10}},"14":{"start":{"line":57,"column":14},"end":{"line":65,"column":62}},"15":{"start":{"line":67,"column":2},"end":{"line":69,"column":3}},"16":{"start":{"line":68,"column":4},"end":{"line":68,"column":53}},"17":{"start":{"line":72,"column":2},"end":{"line":78,"column":10}},"18":{"start":{"line":81,"column":2},"end":{"line":87,"column":10}},"19":{"start":{"line":89,"column":2},"end":{"line":91,"column":3}},"20":{"start":{"line":90,"column":4},"end":{"line":90,"column":83}},"21":{"start":{"line":94,"column":2},"end":{"line":104,"column":5}},"22":{"start":{"line":95,"column":4},"end":{"line":103,"column":12}},"23":{"start":{"line":106,"column":2},"end":{"line":106,"column":40}},"24":{"start":{"line":108,"column":0},"end":{"line":108,"column":73}}},"fnMap":{"0":{"name":"(anonymous_0)","decl":{"start":{"line":4,"column":33},"end":{"line":4,"column":34}},"loc":{"start":{"line":4,"column":43},"end":{"line":42,"column":1}},"line":4},"1":{"name":"(anonymous_1)","decl":{"start":{"line":28,"column":24},"end":{"line":28,"column":25}},"loc":{"start":{"line":28,"column":41},"end":{"line":39,"column":3}},"line":28},"2":{"name":"(anonymous_2)","decl":{"start":{"line":44,"column":19},"end":{"line":44,"column":20}},"loc":{"start":{"line":44,"column":29},"end":{"line":44,"column":71}},"line":44},"3":{"name":"(anonymous_3)","decl":{"start":{"line":46,"column":34},"end":{"line":46,"column":35}},"loc":{"start":{"line":46,"column":44},"end":{"line":107,"column":1}},"line":46},"4":{"name":"(anonymous_4)","decl":{"start":{"line":94,"column":16},"end":{"line":94,"column":17}},"loc":{"start":{"line":94,"column":33},"end":{"line":104,"column":3}},"line":94}},"branchMap":{"0":{"loc":{"start":{"line":17,"column":2},"end":{"line":19,"column":3}},"type":"if","locations":[{"start":{"line":17,"column":2},"end":{"line":19,"column":3}},{"start":{},"end":{}}],"line":17},"1":{"loc":{"start":{"line":67,"column":2},"end":{"line":69,"column":3}},"type":"if","locations":[{"start":{"line":67,"column":2},"end":{"line":69,"column":3}},{"start":{},"end":{}}],"line":67},"2":{"loc":{"start":{"line":89,"column":2},"end":{"line":91,"column":3}},"type":"if","locations":[{"start":{"line":89,"column":2},"end":{"line":91,"column":3}},{"start":{},"end":{}}],"line":89},"3":{"loc":{"start":{"line":100,"column":38},"end":{"line":100,"column":60}},"type":"binary-expr","locations":[{"start":{"line":100,"column":38},"end":{"line":100,"column":54}},{"start":{"line":100,"column":58},"end":{"line":100,"column":60}}],"line":100}},"s":{"0":5,"1":5,"2":6,"3":6,"4":6,"5":0,"6":6,"7":6,"8":12,"9":6,"10":5,"11":13,"12":5,"13":4,"14":4,"15":4,"16":4,"17":4,"18":4,"19":4,"20":3,"21":4,"22":4,"23":4,"24":5},"f":{"0":6,"1":12,"2":13,"3":4,"4":4},"b":{"0":[0,6],"1":[4,0],"2":[3,1],"3":[4,0]},"_coverageSchema":"1a1c01bbd47fc00a2c39e90264f33305004495a9","hash":"aa6d7ee336969b785222adb82173bf2315456601"}
}
