TN:
SF:src/app.js
FN:21,(anonymous_0)
FN:28,(anonymous_1)
FNF:2
FNH:1
FNDA:0,(anonymous_0)
FNDA:3,(anonymous_1)
DA:1,3
DA:2,3
DA:3,3
DA:4,3
DA:5,3
DA:6,3
DA:7,3
DA:8,3
DA:9,3
DA:10,3
DA:12,3
DA:14,3
DA:15,3
DA:16,3
DA:17,3
DA:18,3
DA:19,3
DA:21,3
DA:22,0
DA:28,3
DA:29,3
DA:32,3
LF:22
LH:21
BRDA:28,0,0,3
BRDA:28,0,1,3
BRDA:29,1,0,3
BRDA:29,1,1,3
BRF:4
BRH:4
end_of_record
TN:
SF:src/config/db.js
FN:3,(anonymous_0)
FNF:1
FNH:1
FNDA:3,(anonymous_0)
DA:1,3
DA:3,3
DA:4,3
DA:5,3
DA:8,3
LF:5
LH:5
BRF:0
BRH:0
end_of_record
TN:
SF:src/middleware/auth.js
FN:3,authMiddleware
FN:47,authorizeRoles
FN:48,(anonymous_2)
FNF:3
FNH:1
FNDA:16,authMiddleware
FNDA:0,authorizeRoles
FNDA:0,(anonymous_2)
DA:1,3
DA:4,16
DA:5,16
DA:6,16
DA:7,1
DA:12,15
DA:13,0
DA:18,15
DA:19,15
DA:20,0
DA:25,15
DA:26,15
DA:27,1
DA:32,14
DA:38,14
DA:40,0
DA:41,0
DA:48,0
DA:49,0
DA:50,0
DA:55,0
DA:56,0
DA:61,0
DA:65,3
LF:24
LH:14
BRDA:6,0,0,1
BRDA:6,0,1,15
BRDA:12,1,0,0
BRDA:12,1,1,15
BRDA:19,2,0,0
BRDA:19,2,1,15
BRDA:26,3,0,1
BRDA:26,3,1,14
BRDA:49,4,0,0
BRDA:49,4,1,0
BRDA:55,5,0,0
BRDA:55,5,1,0
BRF:12
BRH:6
end_of_record
TN:
SF:src/models/DespatchAdvice.js
FNF:0
FNH:0
DA:1,3
DA:3,3
DA:8,3
DA:15,3
DA:34,3
LF:5
LH:5
BRF:0
BRH:0
end_of_record
TN:
SF:src/models/FulfilmentCancellation.js
FNF:0
FNH:0
DA:1,3
DA:3,3
DA:18,3
LF:3
LH:3
BRF:0
BRH:0
end_of_record
TN:
SF:src/models/OrderAdjustment.js
FN:19,(anonymous_0)
FNF:1
FNH:1
FNDA:3,(anonymous_0)
DA:1,3
DA:3,3
DA:12,3
DA:20,3
DA:35,3
DA:36,3
DA:37,3
LF:7
LH:7
BRDA:20,0,0,3
BRDA:20,0,1,3
BRF:2
BRH:2
end_of_record
TN:
SF:src/models/Party.js
FNF:0
FNH:0
DA:1,3
DA:3,3
DA:17,3
LF:3
LH:3
BRF:0
BRH:0
end_of_record
TN:
SF:src/models/ReceiptAdvice.js
FNF:0
FNH:0
DA:1,3
DA:3,3
DA:9,3
DA:21,3
LF:4
LH:4
BRF:0
BRH:0
end_of_record
TN:
SF:src/models/Supply.js
FNF:0
FNH:0
DA:1,3
DA:3,3
DA:21,3
DA:23,3
LF:4
LH:4
BRF:0
BRH:0
end_of_record
TN:
SF:src/routes/despatchAdvice.js
FN:8,(anonymous_0)
FN:27,(anonymous_1)
FN:69,(anonymous_2)
FNF:3
FNH:3
FNDA:8,(anonymous_0)
FNDA:4,(anonymous_1)
FNDA:2,(anonymous_2)
DA:1,3
DA:2,3
DA:3,3
DA:4,3
DA:5,3
DA:8,3
DA:9,8
DA:11,8
DA:12,4
DA:27,4
DA:28,4
DA:29,1
DA:38,3
DA:40,3
DA:50,3
DA:62,3
DA:64,3
DA:65,3
DA:69,3
DA:70,2
DA:72,2
DA:73,1
DA:82,1
DA:83,1
DA:86,3
LF:25
LH:25
BRDA:11,0,0,4
BRDA:11,0,1,4
BRDA:11,1,0,8
BRDA:11,1,1,7
BRDA:11,1,2,6
BRDA:11,1,3,5
BRDA:11,1,4,4
BRDA:11,1,5,4
BRDA:17,2,0,1
BRDA:17,2,1,3
BRDA:18,3,0,1
BRDA:18,3,1,3
BRDA:19,4,0,1
BRDA:19,4,1,3
BRDA:20,5,0,1
BRDA:20,5,1,3
BRDA:20,6,0,4
BRDA:20,6,1,3
BRDA:20,6,2,3
BRDA:28,7,0,1
BRDA:28,7,1,3
BRDA:72,8,0,1
BRDA:72,8,1,1
BRF:23
BRH:23
end_of_record
TN:
SF:src/routes/fulfilmentCancellation.js
FN:10,(anonymous_0)
FN:85,(anonymous_1)
FN:103,(anonymous_2)
FNF:3
FNH:3
FNDA:9,(anonymous_0)
FNDA:2,(anonymous_1)
FNDA:2,(anonymous_2)
DA:1,3
DA:2,3
DA:3,3
DA:4,3
DA:5,3
DA:6,3
DA:10,3
DA:11,9
DA:16,9
DA:18,9
DA:21,9
DA:27,9
DA:29,6
DA:31,6
DA:32,1
DA:37,5
DA:39,5
DA:40,5
DA:43,5
DA:44,5
DA:47,5
DA:48,5
DA:63,5
DA:67,3
DA:68,3
DA:73,0
DA:74,0
DA:80,0
DA:85,3
DA:86,2
DA:87,2
DA:92,2
DA:93,1
DA:96,1
DA:98,0
DA:103,3
DA:104,2
DA:105,2
DA:109,2
DA:110,1
DA:113,1
DA:118,0
DA:122,3
LF:43
LH:38
BRDA:31,0,0,1
BRDA:31,0,1,5
BRDA:39,1,0,5
BRDA:39,1,1,0
BRDA:67,2,0,3
BRDA:67,2,1,0
BRDA:73,3,0,0
BRDA:73,3,1,0
BRDA:92,4,0,1
BRDA:92,4,1,1
BRDA:109,5,0,1
BRDA:109,5,1,1
BRF:12
BRH:8
end_of_record
TN:
SF:src/routes/orderAdjustmentRoute.js
FN:9,(anonymous_0)
FN:19,(anonymous_1)
FNF:2
FNH:2
FNDA:12,(anonymous_0)
FNDA:2,(anonymous_1)
DA:1,3
DA:2,3
DA:3,3
DA:4,3
DA:6,3
DA:9,3
DA:10,12
DA:11,12
DA:12,2
DA:14,10
DA:19,3
DA:20,2
DA:21,2
DA:22,2
DA:23,1
DA:26,1
DA:28,0
DA:32,3
LF:18
LH:17
BRDA:22,0,0,1
BRDA:22,0,1,1
BRF:2
BRH:2
end_of_record
TN:
SF:src/routes/receiptAdvice.js
FN:10,(anonymous_0)
FN:27,(anonymous_1)
FN:86,(anonymous_2)
FNF:3
FNH:0
FNDA:0,(anonymous_0)
FNDA:0,(anonymous_1)
FNDA:0,(anonymous_2)
DA:1,3
DA:2,3
DA:3,3
DA:4,3
DA:5,3
DA:6,3
DA:10,3
DA:11,0
DA:13,0
DA:14,0
DA:27,0
DA:28,0
DA:29,0
DA:38,0
DA:39,0
DA:40,0
DA:49,0
DA:50,0
DA:59,0
DA:61,0
DA:69,0
DA:78,0
DA:80,0
DA:81,0
DA:86,3
DA:87,0
DA:91,0
DA:92,0
DA:101,0
DA:102,0
DA:105,3
LF:31
LH:9
BRDA:13,0,0,0
BRDA:13,0,1,0
BRDA:13,1,0,0
BRDA:13,1,1,0
BRDA:13,1,2,0
BRDA:19,2,0,0
BRDA:19,2,1,0
BRDA:20,3,0,0
BRDA:20,3,1,0
BRDA:21,4,0,0
BRDA:21,4,1,0
BRDA:28,5,0,0
BRDA:28,5,1,0
BRDA:39,6,0,0
BRDA:39,6,1,0
BRDA:49,7,0,0
BRDA:49,7,1,0
BRDA:91,8,0,0
BRDA:91,8,1,0
BRF:19
BRH:0
end_of_record
TN:
SF:src/services/orderAdjustmentService.js
FN:12,(anonymous_0)
FN:56,(anonymous_1)
FN:61,(anonymous_2)
FNF:3
FNH:3
FNDA:12,(anonymous_0)
FNDA:5,(anonymous_1)
FNDA:4,(anonymous_2)
DA:1,3
DA:2,3
DA:3,3
DA:13,12
DA:15,12
DA:16,4
DA:20,8
DA:21,8
DA:22,1
DA:26,7
DA:27,1
DA:29,6
DA:30,1
DA:33,5
DA:36,3
DA:39,3
DA:49,3
DA:50,2
DA:51,2
DA:53,2
DA:57,5
DA:58,1
DA:61,4
DA:62,4
DA:63,4
DA:64,1
DA:70,3
LF:27
LH:27
BRDA:15,0,0,4
BRDA:15,0,1,8
BRDA:15,1,0,12
BRDA:15,1,1,11
BRDA:15,1,2,10
BRDA:15,1,3,9
BRDA:21,2,0,1
BRDA:21,2,1,7
BRDA:26,3,0,1
BRDA:26,3,1,6
BRDA:29,4,0,1
BRDA:29,4,1,5
BRDA:57,5,0,1
BRDA:57,5,1,4
BRDA:57,6,0,5
BRDA:57,6,1,5
BRDA:63,7,0,1
BRDA:63,7,1,3
BRF:18
BRH:18
end_of_record
TN:
SF:src/utils/ublGenerator.js
FN:4,(anonymous_0)
FN:28,(anonymous_1)
FN:44,(anonymous_2)
FN:46,(anonymous_3)
FN:94,(anonymous_4)
FNF:5
FNH:3
FNDA:0,(anonymous_0)
FNDA:0,(anonymous_1)
FNDA:6,(anonymous_2)
FNDA:3,(anonymous_3)
FNDA:3,(anonymous_4)
DA:1,3
DA:4,3
DA:5,0
DA:7,0
DA:17,0
DA:18,0
DA:22,0
DA:28,0
DA:29,0
DA:41,0
DA:44,6
DA:46,3
DA:55,3
DA:57,3
DA:67,3
DA:68,3
DA:72,3
DA:81,3
DA:89,3
DA:90,3
DA:94,3
DA:95,3
DA:106,3
DA:108,3
LF:24
LH:16
BRDA:17,0,0,0
BRDA:17,0,1,0
BRDA:67,1,0,3
BRDA:67,1,1,0
BRDA:89,2,0,3
BRDA:89,2,1,0
BRDA:100,3,0,3
BRDA:100,3,1,0
BRF:8
BRH:3
end_of_record
