TN:
SF:src/app.js
FN:25,(anonymous_0)
FN:36,(anonymous_1)
FNF:2
FNH:2
FNDA:1,(anonymous_0)
FNDA:5,(anonymous_1)
DA:1,5
DA:2,5
DA:3,5
DA:4,5
DA:6,5
DA:7,5
DA:8,5
DA:9,5
DA:11,5
DA:12,5
DA:14,5
DA:15,5
DA:16,5
DA:18,5
DA:19,5
DA:20,5
DA:21,5
DA:22,5
DA:23,5
DA:25,5
DA:26,1
DA:33,5
DA:34,5
DA:36,5
DA:37,5
DA:40,5
LF:26
LH:26
BRDA:36,0,0,5
BRDA:36,0,1,0
BRDA:37,1,0,5
BRDA:37,1,1,0
BRF:4
BRH:2
end_of_record
TN:
SF:src/config/db.js
FN:3,(anonymous_0)
FNF:1
FNH:1
FNDA:5,(anonymous_0)
DA:1,5
DA:3,5
DA:4,5
DA:5,5
DA:8,5
LF:5
LH:5
BRF:0
BRH:0
end_of_record
TN:
SF:src/middleware/auth.js
FN:3,authMiddleware
FN:47,authorizeRoles
FN:48,(anonymous_2)
FNF:3
FNH:3
FNDA:24,authMiddleware
FNDA:4,authorizeRoles
FNDA:4,(anonymous_2)
DA:1,5
DA:4,24
DA:5,24
DA:6,24
DA:7,5
DA:12,19
DA:13,1
DA:18,18
DA:19,18
DA:20,0
DA:25,18
DA:26,18
DA:27,2
DA:32,16
DA:38,16
DA:40,0
DA:41,0
DA:48,4
DA:49,4
DA:50,1
DA:55,3
DA:56,1
DA:61,2
DA:65,5
LF:24
LH:21
BRDA:6,0,0,5
BRDA:6,0,1,19
BRDA:12,1,0,1
BRDA:12,1,1,18
BRDA:19,2,0,0
BRDA:19,2,1,18
BRDA:26,3,0,2
BRDA:26,3,1,16
BRDA:49,4,0,1
BRDA:49,4,1,3
BRDA:55,5,0,1
BRDA:55,5,1,2
BRF:12
BRH:11
end_of_record
TN:
SF:src/models/DespatchAdvice.js
FNF:0
FNH:0
DA:1,5
DA:3,5
DA:8,5
DA:15,5
DA:34,5
LF:5
LH:5
BRF:0
BRH:0
end_of_record
TN:
SF:src/models/FulfilmentCancellation.js
FNF:0
FNH:0
DA:1,5
DA:3,5
DA:18,5
LF:3
LH:3
BRF:0
BRH:0
end_of_record
TN:
SF:src/models/OrderAdjustment.js
FN:19,(anonymous_0)
FNF:1
FNH:1
FNDA:1,(anonymous_0)
DA:1,5
DA:3,5
DA:12,5
DA:20,1
DA:35,5
DA:36,5
DA:37,5
LF:7
LH:7
BRDA:20,0,0,1
BRDA:20,0,1,1
BRF:2
BRH:2
end_of_record
TN:
SF:src/models/Party.js
FNF:0
FNH:0
DA:1,5
DA:3,5
DA:17,5
LF:3
LH:3
BRF:0
BRH:0
end_of_record
TN:
SF:src/models/ReceiptAdvice.js
FNF:0
FNH:0
DA:1,5
DA:3,5
DA:9,5
DA:21,5
LF:4
LH:4
BRF:0
BRH:0
end_of_record
TN:
SF:src/models/Supply.js
FNF:0
FNH:0
DA:1,5
DA:3,5
DA:21,5
DA:23,5
LF:4
LH:4
BRF:0
BRH:0
end_of_record
TN:
SF:src/routes/despatchAdvice.js
FN:8,(anonymous_0)
FN:27,(anonymous_1)
FN:69,(anonymous_2)
FNF:3
FNH:3
FNDA:9,(anonymous_0)
FNDA:5,(anonymous_1)
FNDA:2,(anonymous_2)
DA:1,5
DA:2,5
DA:3,5
DA:4,5
DA:5,5
DA:8,5
DA:9,9
DA:11,9
DA:12,4
DA:27,5
DA:28,5
DA:29,1
DA:38,4
DA:40,4
DA:50,4
DA:62,4
DA:64,4
DA:65,4
DA:69,5
DA:70,2
DA:72,2
DA:73,1
DA:82,1
DA:83,1
DA:86,5
LF:25
LH:25
BRDA:11,0,0,4
BRDA:11,0,1,5
BRDA:11,1,0,9
BRDA:11,1,1,8
BRDA:11,1,2,7
BRDA:11,1,3,6
BRDA:11,1,4,5
BRDA:11,1,5,5
BRDA:17,2,0,1
BRDA:17,2,1,3
BRDA:18,3,0,1
BRDA:18,3,1,3
BRDA:19,4,0,1
BRDA:19,4,1,3
BRDA:20,5,0,1
BRDA:20,5,1,3
BRDA:20,6,0,4
BRDA:20,6,1,3
BRDA:20,6,2,3
BRDA:28,7,0,1
BRDA:28,7,1,4
BRDA:72,8,0,1
BRDA:72,8,1,1
BRF:23
BRH:23
end_of_record
TN:
SF:src/routes/fulfilmentCancellation.js
FN:10,(anonymous_0)
FN:85,(anonymous_1)
FN:103,(anonymous_2)
FNF:3
FNH:3
FNDA:9,(anonymous_0)
FNDA:2,(anonymous_1)
FNDA:2,(anonymous_2)
DA:1,5
DA:2,5
DA:3,5
DA:4,5
DA:5,5
DA:6,5
DA:10,5
DA:11,9
DA:16,9
DA:18,9
DA:21,9
DA:27,9
DA:29,6
DA:31,6
DA:32,1
DA:37,5
DA:39,5
DA:40,5
DA:43,5
DA:44,5
DA:47,5
DA:48,5
DA:63,5
DA:67,3
DA:68,3
DA:73,0
DA:74,0
DA:80,0
DA:85,5
DA:86,2
DA:87,2
DA:92,2
DA:93,1
DA:96,1
DA:98,0
DA:103,5
DA:104,2
DA:105,2
DA:109,2
DA:110,1
DA:113,1
DA:118,0
DA:122,5
LF:43
LH:38
BRDA:31,0,0,1
BRDA:31,0,1,5
BRDA:39,1,0,5
BRDA:39,1,1,0
BRDA:67,2,0,3
BRDA:67,2,1,0
BRDA:73,3,0,0
BRDA:73,3,1,0
BRDA:92,4,0,1
BRDA:92,4,1,1
BRDA:109,5,0,1
BRDA:109,5,1,1
BRF:12
BRH:8
end_of_record
TN:
SF:src/routes/orderAdjustmentRoute.js
FN:10,(anonymous_0)
FN:25,(anonymous_1)
FNF:2
FNH:2
FNDA:12,(anonymous_0)
FNDA:2,(anonymous_1)
DA:1,5
DA:2,5
DA:3,5
DA:4,5
DA:6,5
DA:10,5
DA:11,12
DA:12,12
DA:15,0
DA:16,0
DA:17,0
DA:19,0
DA:25,5
DA:26,2
DA:27,2
DA:28,2
DA:29,2
DA:32,0
DA:34,0
DA:38,5
LF:20
LH:14
BRDA:11,0,0,12
BRDA:11,0,1,0
BRDA:19,1,0,0
BRDA:19,1,1,0
BRDA:28,2,0,2
BRDA:28,2,1,0
BRF:6
BRH:2
end_of_record
TN:
SF:src/routes/receiptAdvice.js
FN:11,(anonymous_0)
FN:29,(anonymous_1)
FN:94,(anonymous_2)
FN:103,(anonymous_3)
FN:129,(anonymous_4)
FNF:5
FNH:5
FNDA:14,(anonymous_0)
FNDA:21,(anonymous_1)
FNDA:12,(anonymous_2)
FNDA:1,(anonymous_3)
FNDA:2,(anonymous_4)
DA:1,5
DA:2,5
DA:3,5
DA:4,5
DA:5,5
DA:6,5
DA:7,5
DA:11,5
DA:12,14
DA:13,14
DA:15,14
DA:16,3
DA:29,21
DA:30,11
DA:31,1
DA:40,10
DA:41,10
DA:42,1
DA:51,9
DA:52,3
DA:57,3
DA:66,6
DA:68,6
DA:76,6
DA:85,6
DA:88,6
DA:89,6
DA:90,12
DA:93,6
DA:94,12
DA:97,6
DA:98,1
DA:103,1
DA:111,1
DA:112,1
DA:115,6
DA:116,6
DA:118,6
DA:119,6
DA:121,0
DA:129,5
DA:130,2
DA:134,2
DA:135,1
DA:144,1
DA:145,1
DA:148,5
LF:47
LH:46
BRDA:15,0,0,3
BRDA:15,0,1,11
BRDA:15,1,0,14
BRDA:15,1,1,13
BRDA:15,1,2,12
BRDA:21,2,0,1
BRDA:21,2,1,2
BRDA:22,3,0,1
BRDA:22,3,1,2
BRDA:23,4,0,1
BRDA:23,4,1,2
BRDA:30,5,0,1
BRDA:30,5,1,10
BRDA:41,6,0,1
BRDA:41,6,1,9
BRDA:51,7,0,3
BRDA:51,7,1,6
BRDA:61,8,0,3
BRDA:61,8,1,0
BRDA:94,9,0,12
BRDA:94,9,1,12
BRDA:97,10,0,1
BRDA:97,10,1,5
BRDA:134,11,0,1
BRDA:134,11,1,1
BRF:25
BRH:24
end_of_record
TN:
SF:src/services/orderAdjustmentService.js
FN:12,(anonymous_0)
FN:64,(anonymous_1)
FN:69,(anonymous_2)
FNF:3
FNH:0
FNDA:0,(anonymous_0)
FNDA:0,(anonymous_1)
FNDA:0,(anonymous_2)
DA:1,5
DA:2,5
DA:3,5
DA:13,0
DA:15,0
DA:16,0
DA:17,0
DA:18,0
DA:22,0
DA:23,0
DA:24,0
DA:25,0
DA:26,0
DA:30,0
DA:31,0
DA:32,0
DA:33,0
DA:35,0
DA:36,0
DA:37,0
DA:38,0
DA:41,0
DA:44,0
DA:47,0
DA:57,0
DA:58,0
DA:59,0
DA:61,0
DA:65,0
DA:66,0
DA:69,0
DA:70,0
DA:71,0
DA:72,0
DA:78,5
LF:35
LH:4
BRDA:15,0,0,0
BRDA:15,0,1,0
BRDA:15,1,0,0
BRDA:15,1,1,0
BRDA:15,1,2,0
BRDA:15,1,3,0
BRDA:23,2,0,0
BRDA:23,2,1,0
BRDA:30,3,0,0
BRDA:30,3,1,0
BRDA:35,4,0,0
BRDA:35,4,1,0
BRDA:65,5,0,0
BRDA:65,5,1,0
BRDA:65,6,0,0
BRDA:65,6,1,0
BRDA:71,7,0,0
BRDA:71,7,1,0
BRF:18
BRH:0
end_of_record
TN:
SF:src/utils/ublGenerator.js
FN:4,(anonymous_0)
FN:28,(anonymous_1)
FN:44,(anonymous_2)
FN:46,(anonymous_3)
FN:94,(anonymous_4)
FNF:5
FNH:5
FNDA:6,(anonymous_0)
FNDA:12,(anonymous_1)
FNDA:13,(anonymous_2)
FNDA:4,(anonymous_3)
FNDA:4,(anonymous_4)
DA:1,5
DA:4,5
DA:5,6
DA:7,6
DA:17,6
DA:18,0
DA:22,6
DA:28,6
DA:29,12
DA:41,6
DA:44,13
DA:46,5
DA:55,4
DA:57,4
DA:67,4
DA:68,4
DA:72,4
DA:81,4
DA:89,4
DA:90,3
DA:94,4
DA:95,4
DA:106,4
DA:108,5
LF:24
LH:23
BRDA:17,0,0,0
BRDA:17,0,1,6
BRDA:67,1,0,4
BRDA:67,1,1,0
BRDA:89,2,0,3
BRDA:89,2,1,1
BRDA:100,3,0,4
BRDA:100,3,1,0
BRF:8
BRH:5
end_of_record
